2023-01-16 21:20:53,773 176  [main] INFO  com.spotify.baseutil.BaseTest - C:\Users\Abhishek\New folder\API_Framework/Controller.xlsx
2023-01-16 21:20:53,897 300  [main] INFO  com.spotify.baseutil.BaseTest - com.spotify.albums.TYSS_Albums_GA_001
2023-01-16 21:20:53,899 302  [main] INFO  com.spotify.baseutil.BaseTest - com.spotify.albums.TYSS_Albums_GA_002
2023-01-16 21:20:53,899 302  [main] INFO  com.spotify.baseutil.BaseTest - com.spotify.albums.TYSS_Albums_GA_003
2023-01-16 21:20:53,899 302  [main] INFO  com.spotify.baseutil.BaseTest - com.spotify.albums.TYSS_Albums_GA_004
2023-01-16 21:20:53,901 304  [main] INFO  com.spotify.baseutil.BaseTest - com.spotify.albums.TYSS_Albums_GAT_001
2023-01-16 21:20:53,901 304  [main] INFO  com.spotify.baseutil.BaseTest - com.spotify.albums.TYSS_Albums_GAT_002
2023-01-16 21:20:53,901 304  [main] INFO  com.spotify.baseutil.BaseTest - com.spotify.albums.TYSS_Albums_GAT_003
2023-01-16 21:20:53,901 304  [main] INFO  com.spotify.baseutil.BaseTest - com.spotify.albums.TYSS_Albums_GAT_004
2023-01-16 21:20:53,901 304  [main] INFO  com.spotify.baseutil.BaseTest - com.spotify.albums.TYSS_Albums_GAT_005
2023-01-16 21:20:53,902 305  [main] INFO  com.spotify.baseutil.BaseTest - com.spotify.albums.TYSS_Albums_GUSA_001
2023-01-16 21:20:53,902 305  [main] INFO  com.spotify.baseutil.BaseTest - com.spotify.albums.TYSS_Albums_GUSA_002
2023-01-16 21:20:53,902 305  [main] INFO  com.spotify.baseutil.BaseTest - com.spotify.albums.TYSS_Albums_GUSA_003
2023-01-16 21:20:53,902 305  [main] INFO  com.spotify.baseutil.BaseTest - com.spotify.albums.TYSS_Albums_GUSA_004
2023-01-16 21:20:53,902 305  [main] INFO  com.spotify.baseutil.BaseTest - com.spotify.albums.TYSS_Albums_GUSA_005
2023-01-16 21:20:53,902 305  [main] INFO  com.spotify.baseutil.BaseTest - com.spotify.albums.TYSS_Albums_GAS_001
2023-01-16 21:20:53,903 306  [main] INFO  com.spotify.baseutil.BaseTest - com.spotify.albums.TYSS_Albums_GAS_002
2023-01-16 21:20:53,903 306  [main] INFO  com.spotify.baseutil.BaseTest - com.spotify.albums.TYSS_Albums_GAS_003
2023-01-16 21:20:53,903 306  [main] INFO  com.spotify.baseutil.BaseTest - com.spotify.albums.TYSS_Albums_GAS_004
2023-01-16 21:20:53,903 306  [main] INFO  com.spotify.baseutil.BaseTest - com.spotify.albums.TYSS_Albums_GAS_005
2023-01-16 21:20:53,904 307  [main] INFO  com.spotify.baseutil.BaseTest - com.spotify.albums.TYSS_Albums_GAS_006
2023-01-16 21:20:53,904 307  [main] INFO  com.spotify.baseutil.BaseTest - com.spotify.albums.TYSS_Albums_GAS_007
2023-01-16 21:20:53,904 307  [main] INFO  com.spotify.baseutil.BaseTest - com.spotify.albums.TYSS_Albums_RUSA_001
2023-01-16 21:20:53,904 307  [main] INFO  com.spotify.baseutil.BaseTest - com.spotify.albums.TYSS_Albums_RUSA_002
2023-01-16 21:20:53,904 307  [main] INFO  com.spotify.baseutil.BaseTest - com.spotify.albums.TYSS_Albums_RUSA_003
2023-01-16 21:20:53,904 307  [main] INFO  com.spotify.baseutil.BaseTest - com.spotify.albums.TYSS_Albums_RUSA_004
2023-01-16 21:20:53,904 307  [main] INFO  com.spotify.baseutil.BaseTest - Total Scripts for Execution : 25
