2023-01-17 10:59:43,393 216  [main] INFO  com.spotify.baseutil.BaseTest - Folder creation for Extent
2023-01-17 10:59:43,397 220  [main] INFO  com.spotify.baseutil.BaseTest - ExtentDir:-C:\API Workspace\API_Framework/reports/Automation Report- 01_17_2023_10_59_43
2023-01-17 10:59:43,487 310  [main] INFO  com.spotify.baseutil.BaseTest - Report Initiated
2023-01-17 10:59:43,488 311  [main] INFO  com.spotify.baseutil.BaseTest - Screenshot folder created
2023-01-17 10:59:45,755 2578 [main] DEBUG i.r.i.RequestSpecificationImpl$RestAssuredHttpBuilder - Parsing response as: application/json
2023-01-17 10:59:45,763 2586 [main] DEBUG i.r.i.RequestSpecificationImpl$RestAssuredHttpBuilder - Parsed data to instance of: class org.apache.http.conn.EofSensorInputStream
2023-01-17 10:59:45,850 2673 [main] INFO  com.spotify.tracks.TYSS_Tracks_GT_001 - Able to provide Authorization and fetch the token
2023-01-17 10:59:46,199 3022 [main] INFO  com.spotify.tracks.TYSS_Tracks_GT_001 - Response body value is: BQAV6gH7YOl65mjO0w9xvd1a7MIEPXL_VotwdQxJpMyRZdnBU8uUVIz7lDRdwucMpHzF8N-EfzOdT2iVPrHZL_ndrLNbKJrJOQB_qL1oaY4TwbOwNitqk-Hc2WDyvS0HEzs37h_UBCIBUIizk40OrKK34EXRWwm5wReGYRZb_EDPZcBRFI-CCfiRo2cAmT0ythUCvq7NPg-1A8UpexX94h-x3oC-kDiu3RECfQoG_iSzaFogYWysJs3ZDK_OH1_YArFEZIqtsgNmztMnNA2KGII1iA204dimn0nEjmrLi_qnPf6h6MAuetA297PXbTeRMD-XjB4zBGm0ZsKMISFU
2023-01-17 10:59:46,313 3136 [main] INFO  com.spotify.tracks.TYSS_Tracks_GT_001 - Able to write data into json file
2023-01-17 10:59:46,336 3159 [main] INFO  com.spotify.tracks.TYSS_Tracks_GT_001 - Able to read data from json file
2023-01-17 10:59:46,341 3164 [main] INFO  com.spotify.tracks.TYSS_Tracks_GT_001 - Able to add headers for authentication
2023-01-17 10:59:46,347 3170 [main] INFO  com.spotify.tracks.TYSS_Tracks_GT_001 - Path parameters added to the request
2023-01-17 10:59:46,348 3171 [main] INFO  com.spotify.tracks.TYSS_Tracks_GT_001 - Able to add query parameter
2023-01-17 10:59:46,774 3597 [main] DEBUG i.r.i.RequestSpecificationImpl$RestAssuredHttpBuilder - Parsing response as: application/json; charset=utf-8
2023-01-17 10:59:46,774 3597 [main] DEBUG i.r.i.RequestSpecificationImpl$RestAssuredHttpBuilder - Parsed data to instance of: class org.apache.http.conn.EofSensorInputStream
2023-01-17 10:59:46,785 3608 [main] INFO  com.spotify.tracks.TYSS_Tracks_GT_001 - Able to get request using parameters
2023-01-17 10:59:46,787 3610 [main] INFO  com.spotify.tracks.TYSS_Tracks_GT_001 - expected Content type is: application/json equal to actual Content type: application/json; charset=utf-8
2023-01-17 10:59:46,788 3611 [main] INFO  com.spotify.tracks.TYSS_Tracks_GT_001 - Actual Response Time: 404 is less than Expected Response Time: 2000
2023-01-17 10:59:46,788 3611 [main] INFO  com.spotify.tracks.TYSS_Tracks_GT_001 - Expected Status code is: 200 is matching with actual status code: 200
2023-01-17 10:59:47,116 3939 [main] INFO  com.spotify.tracks.TYSS_Tracks_GT_001 - Schema validation is done
2023-01-17 10:59:47,140 3963 [main] INFO  com.spotify.tracks.TYSS_Tracks_GT_001 - Response body value is: null
2023-01-17 10:59:47,140 3963 [main] ERROR com.spotify.tracks.TYSS_Tracks_GT_001 - Cannot invoke "String.split(String)" because "ids" is null
