2023-01-27 10:40:02,274 379  [main] INFO  com.spotify.baseutil.BaseTest - Folder creation for Extent
2023-01-27 10:40:02,279 384  [main] INFO  com.spotify.baseutil.BaseTest - ExtentDir:-D:\Api_FW\API_Framework/reports/Automation Report- 01_27_2023_10_40_02
2023-01-27 10:40:02,386 491  [main] INFO  com.spotify.baseutil.BaseTest - Report Initiated
2023-01-27 10:40:02,386 491  [main] INFO  com.spotify.baseutil.BaseTest - Screenshot folder created
2023-01-27 10:40:05,746 3851 [main] DEBUG i.r.i.RequestSpecificationImpl$RestAssuredHttpBuilder - Parsing response as: application/json
2023-01-27 10:40:05,748 3853 [main] DEBUG i.r.i.RequestSpecificationImpl$RestAssuredHttpBuilder - Parsed data to instance of: class org.apache.http.conn.EofSensorInputStream
2023-01-27 10:40:05,894 3999 [main] INFO  com.spotify.playlist.TYSS_TC_Playlists_AITP_005 - Able to provide Authorization and fetch the token
2023-01-27 10:40:06,516 4621 [main] INFO  com.spotify.playlist.TYSS_TC_Playlists_AITP_005 - Response body value is: BQA6eD0XFg_i5sMXhcZaMCe7qqJIWC_VhYUeu88LNCpToDQkkbc5WfT5vVScmd6OSZ3ZQV4-U8XHUau7k5j1aiYYE1z3GXSzbaoodX600zHwFkOj-7hklYpm4DNJK6X1qZahU93HGk9cfc4ZwhLR9hcNIqoU4w4AAjY9XchrJXFKktbmxPa3TO2B3va2bUdyiSsMGqxsO9ZHh6dpNYUH0BdAvH2Ikv6buGMo_h87YjD-_K0MYXaYWsDAgSi1xVegkYRDPhS2DHRDxvdC2pQfa1LdNoDLqvUtR7Wo1W_7R-5ejlh5KGVMKDhPbZp5r3cnwWk_D-hT6Abk3Sbrl0iGNg
2023-01-27 10:40:06,688 4793 [main] INFO  com.spotify.playlist.TYSS_TC_Playlists_AITP_005 - Able to write data into json file
2023-01-27 10:40:06,730 4835 [main] INFO  com.spotify.playlist.TYSS_TC_Playlists_AITP_005 - Able to read data from json file
2023-01-27 10:40:06,736 4841 [main] INFO  com.spotify.playlist.TYSS_TC_Playlists_AITP_005 - Able to add headers for authentication
2023-01-27 10:40:06,743 4848 [main] INFO  com.spotify.playlist.TYSS_TC_Playlists_AITP_005 - Path parameters added to the request
2023-01-27 10:40:06,743 4848 [main] INFO  com.spotify.playlist.TYSS_TC_Playlists_AITP_005 - This reuest do not have Query Parameters
2023-01-27 10:40:06,743 4848 [main] INFO  com.spotify.playlist.TYSS_TC_Playlists_AITP_005 - Able to add query parameter
2023-01-27 10:40:07,031 5136 [main] DEBUG i.r.i.RequestSpecificationImpl$RestAssuredHttpBuilder - Parsing response as: application/json
2023-01-27 10:40:07,031 5136 [main] DEBUG i.r.i.RequestSpecificationImpl$RestAssuredHttpBuilder - Parsed data to instance of: class org.apache.http.conn.EofSensorInputStream
2023-01-27 10:40:07,033 5138 [main] INFO  com.spotify.playlist.TYSS_TC_Playlists_AITP_005 - Able to post request using json file
2023-01-27 10:40:07,039 5144 [main] INFO  com.spotify.playlist.TYSS_TC_Playlists_AITP_005 - expected Content type is: application/json equal to actual Content type: application/json
2023-01-27 10:40:07,040 5145 [main] INFO  com.spotify.playlist.TYSS_TC_Playlists_AITP_005 - Expected Status code is: 404 is matching with actual status code: 404
2023-01-27 10:40:07,041 5146 [main] INFO  com.spotify.playlist.TYSS_TC_Playlists_AITP_005 - Actual Response Time: 245 is less than Expected Response Time: 2000
2023-01-27 10:40:07,053 5158 [main] INFO  com.spotify.playlist.TYSS_TC_Playlists_AITP_005 - Response body contains error.message: Service not found
