2023-01-17 10:25:32,177 217  [main] INFO  com.spotify.baseutil.BaseTest - Folder creation for Extent
2023-01-17 10:25:32,181 221  [main] INFO  com.spotify.baseutil.BaseTest - ExtentDir:-C:\Users\putha\sreelatha_API\API_Framework/reports/Automation Report- 01_17_2023_10_25_32
2023-01-17 10:25:32,264 304  [main] INFO  com.spotify.baseutil.BaseTest - Report Initiated
2023-01-17 10:25:32,265 305  [main] INFO  com.spotify.baseutil.BaseTest - Screenshot folder created
2023-01-17 10:25:34,580 2620 [main] DEBUG i.r.i.RequestSpecificationImpl$RestAssuredHttpBuilder - Parsing response as: application/json
2023-01-17 10:25:34,584 2624 [main] DEBUG i.r.i.RequestSpecificationImpl$RestAssuredHttpBuilder - Parsed data to instance of: class org.apache.http.conn.EofSensorInputStream
2023-01-17 10:25:34,668 2708 [main] INFO  com.spotify.albums.TYSS_Albums_GUSA_004 - Able to provide Authorization and fetch the token
2023-01-17 10:25:35,058 3098 [main] INFO  com.spotify.albums.TYSS_Albums_GUSA_004 - Response body value is: BQA6scGXLlar2qgiuJ5BLYbSD0arFYzEa2pBg4jAtYw_bpdIqy2vOQOVrWZ0zpPKAtjOUQ616VgQWl13st_lQlQM-4ofPF_VS7_qcraFFH0Q1yGl_IzuA41gXqyqXEr4lQT945JMuEHyBIn3ugCyZ7KZAitfjCEPlrZOqbpjzW57T_E-KelKjvC73SwOAB7ujxh9hVkD5qHd-a23evznkxeeI3Lqi781qVTTmWafVUVyZrJCxct9XRe9dj8vuVUkZf-atF998cbCyMYki6-3gfTA5cTZB3AAoOtKyPY6Fbg76OILfyNmGyH78TMSG7oRe0dQzg7vRQ-YQwWcDgFU
2023-01-17 10:25:35,169 3209 [main] INFO  com.spotify.albums.TYSS_Albums_GUSA_004 - Able to write data into json file
2023-01-17 10:25:35,193 3233 [main] INFO  com.spotify.albums.TYSS_Albums_GUSA_004 - Able to read data from json file
2023-01-17 10:25:35,198 3238 [main] INFO  com.spotify.albums.TYSS_Albums_GUSA_004 - Able to add headers for authentication
2023-01-17 10:25:35,202 3242 [main] INFO  com.spotify.albums.TYSS_Albums_GUSA_004 - This request do not have Path parameters
2023-01-17 10:25:35,202 3242 [main] INFO  com.spotify.albums.TYSS_Albums_GUSA_004 - Path parameters added to the request
2023-01-17 10:25:35,206 3246 [main] INFO  com.spotify.albums.TYSS_Albums_GUSA_004 - Able to add query parameter
2023-01-17 10:25:35,559 3599 [main] DEBUG i.r.i.RequestSpecificationImpl$RestAssuredHttpBuilder - Parsing response as: application/json; charset=utf-8
2023-01-17 10:25:35,560 3600 [main] DEBUG i.r.i.RequestSpecificationImpl$RestAssuredHttpBuilder - Parsed data to instance of: class org.apache.http.conn.EofSensorInputStream
2023-01-17 10:25:35,567 3607 [main] INFO  com.spotify.albums.TYSS_Albums_GUSA_004 - Able to get request using parameters
2023-01-17 10:25:35,569 3609 [main] INFO  com.spotify.albums.TYSS_Albums_GUSA_004 - Expected Status code is: 400 is matching with actual status code: 400
2023-01-17 10:25:35,569 3609 [main] INFO  com.spotify.albums.TYSS_Albums_GUSA_004 - Actual Response Time: 328 is less than Expected Response Time: 2000
2023-01-17 10:25:35,580 3620 [main] INFO  com.spotify.albums.TYSS_Albums_GUSA_004 - Response body contains invalid id: Invalid limit
