2023-01-17 09:08:50,670 385  [main] INFO  com.spotify.baseutil.BaseTest - Folder creation for Extent
2023-01-17 09:08:50,680 395  [main] INFO  com.spotify.baseutil.BaseTest - ExtentDir:-C:\API Workspace\API_Framework/reports/Automation Report- 01_17_2023_09_08_50
2023-01-17 09:08:50,840 555  [main] INFO  com.spotify.baseutil.BaseTest - Report Initiated
2023-01-17 09:08:50,841 556  [main] INFO  com.spotify.baseutil.BaseTest - Screenshot folder created
2023-01-17 09:08:54,936 4651 [main] DEBUG i.r.i.RequestSpecificationImpl$RestAssuredHttpBuilder - Parsing response as: application/json
2023-01-17 09:08:54,940 4655 [main] DEBUG i.r.i.RequestSpecificationImpl$RestAssuredHttpBuilder - Parsed data to instance of: class org.apache.http.conn.EofSensorInputStream
2023-01-17 09:08:55,116 4831 [main] INFO  com.spotify.tracks.TYSS_Tracks_CUST_001 - Able to provide Authorization and fetch the token
2023-01-17 09:08:55,806 5521 [main] INFO  com.spotify.tracks.TYSS_Tracks_CUST_001 - Response body value is: BQAC6SoDJpKq9yxoOYrC5FCoqvgmjDqtYBy5QasvLN8Us9WvmHPUvNqLl8l0uPzARu4f3ooIvYqCEaLaC6Bw6lU8UHkymDeTu8qmwuEoVcArhdwiNw8NAfMFAvD_deTIHWJ8PQxm_tGkVX6UEFuHghvlqPlFOsuPKmCKsN8lD-Xkx8fxNSDa4gC1TuxiNR4ic1yNboru_Q5xQTqk5-Np0Cq7AAEmiVxB8NXDo8KIawTnm8-v-H9_P1-Vlggvcx88ab4ltSjztpB1tNcaKz1PW6a9-QDTuS31lOhQ_jh8kA6Kim90pxV7mHx0zoF0PIzY_sKfhlGhGhqS2YPuac0k
2023-01-17 09:08:56,009 5724 [main] INFO  com.spotify.tracks.TYSS_Tracks_CUST_001 - Able to write data into json file
2023-01-17 09:08:56,045 5760 [main] INFO  com.spotify.tracks.TYSS_Tracks_CUST_001 - Able to read data from json file
2023-01-17 09:08:56,057 5772 [main] INFO  com.spotify.tracks.TYSS_Tracks_CUST_001 - Able to add headers for authentication
2023-01-17 09:08:56,066 5781 [main] INFO  com.spotify.tracks.TYSS_Tracks_CUST_001 - This request do not have Path parameters
2023-01-17 09:08:56,067 5782 [main] INFO  com.spotify.tracks.TYSS_Tracks_CUST_001 - Path parameters added to the request
2023-01-17 09:08:56,071 5786 [main] INFO  com.spotify.tracks.TYSS_Tracks_CUST_001 - Able to add query parameter
2023-01-17 09:08:56,633 6348 [main] DEBUG i.r.i.RequestSpecificationImpl$RestAssuredHttpBuilder - Parsing response as: application/json; charset=utf-8
2023-01-17 09:08:56,634 6349 [main] DEBUG i.r.i.RequestSpecificationImpl$RestAssuredHttpBuilder - Parsed data to instance of: class org.apache.http.conn.EofSensorInputStream
2023-01-17 09:08:56,641 6356 [main] INFO  com.spotify.tracks.TYSS_Tracks_CUST_001 - Able to get request using parameters
2023-01-17 09:08:56,645 6360 [main] INFO  com.spotify.tracks.TYSS_Tracks_CUST_001 - expected Content type is: application/json equal to actual Content type: application/json; charset=utf-8
2023-01-17 09:08:56,646 6361 [main] INFO  com.spotify.tracks.TYSS_Tracks_CUST_001 - Actual Response Time: 520 is less than Expected Response Time: 2000
2023-01-17 09:08:56,646 6361 [main] INFO  com.spotify.tracks.TYSS_Tracks_CUST_001 - Expected Status code is: 200 is matching with actual status code: 200
2023-01-17 09:08:57,129 6844 [main] INFO  com.spotify.tracks.TYSS_Tracks_CUST_001 - Schema validation is done
2023-01-17 09:08:57,129 6844 [main] INFO  com.spotify.tracks.TYSS_Tracks_CUST_001 - Expected body value: true is present in the Actual body Value
