2023-01-17 10:21:33,160 199  [main] INFO  com.spotify.baseutil.BaseTest - Folder creation for Extent
2023-01-17 10:21:33,164 203  [main] INFO  com.spotify.baseutil.BaseTest - ExtentDir:-C:\API Workspace\API_Framework/reports/Automation Report- 01_17_2023_10_21_33
2023-01-17 10:21:33,246 285  [main] INFO  com.spotify.baseutil.BaseTest - Report Initiated
2023-01-17 10:21:33,246 285  [main] INFO  com.spotify.baseutil.BaseTest - Screenshot folder created
2023-01-17 10:21:35,528 2567 [main] DEBUG i.r.i.RequestSpecificationImpl$RestAssuredHttpBuilder - Parsing response as: application/json
2023-01-17 10:21:35,537 2576 [main] DEBUG i.r.i.RequestSpecificationImpl$RestAssuredHttpBuilder - Parsed data to instance of: class org.apache.http.conn.EofSensorInputStream
2023-01-17 10:21:35,623 2662 [main] INFO  com.spotify.tracks.TYSS_Tracks_GT_001 - Able to provide Authorization and fetch the token
2023-01-17 10:21:36,023 3062 [main] INFO  com.spotify.tracks.TYSS_Tracks_GT_001 - Response body value is: BQBsmmnoh_RxPggmx9P6ds3ezIg6ShwZQNQw0SNyl25IX_i668GncaOxJq3smjEel40O_aY5anwvdXewz8D5GEhDoEtKXw6Fvp0w6W8hwBXfqHI3nxLfQqa4U-1g6EqgNsMxVuMbk3zOe_-VsBSSoTvJwNo7IipnU2DNNuGHpmoY59OrVxU4kGVAmBQbhri9-zDRn5RVhoinPPAc3sXdRshXfq2qbpWtBWQghLJgvMvhaKFHBY_6ly986cZ5p9CUY_UtPgZ4wIpHBMXXUbG6JlhgQYnJ5Pk0jwOIP3A09XXVVpc6p4QhTEHA0iBFcWGptrYiIfYxd2OVLz79CANn
2023-01-17 10:21:36,130 3169 [main] INFO  com.spotify.tracks.TYSS_Tracks_GT_001 - Able to write data into json file
2023-01-17 10:21:36,154 3193 [main] INFO  com.spotify.tracks.TYSS_Tracks_GT_001 - Able to read data from json file
2023-01-17 10:21:36,161 3200 [main] INFO  com.spotify.tracks.TYSS_Tracks_GT_001 - Able to add headers for authentication
2023-01-17 10:21:36,168 3207 [main] INFO  com.spotify.tracks.TYSS_Tracks_GT_001 - Path parameters added to the request
2023-01-17 10:21:36,171 3210 [main] INFO  com.spotify.tracks.TYSS_Tracks_GT_001 - Able to add query parameter
2023-01-17 10:21:36,571 3610 [main] DEBUG i.r.i.RequestSpecificationImpl$RestAssuredHttpBuilder - Parsing response as: application/json; charset=utf-8
2023-01-17 10:21:36,572 3611 [main] DEBUG i.r.i.RequestSpecificationImpl$RestAssuredHttpBuilder - Parsed data to instance of: class org.apache.http.conn.EofSensorInputStream
2023-01-17 10:21:36,585 3624 [main] INFO  com.spotify.tracks.TYSS_Tracks_GT_001 - Able to get request using parameters
2023-01-17 10:21:36,596 3635 [main] INFO  com.spotify.tracks.TYSS_Tracks_GT_001 - expected Content type is: application/json equal to actual Content type: application/json; charset=utf-8
2023-01-17 10:21:36,596 3635 [main] INFO  com.spotify.tracks.TYSS_Tracks_GT_001 - Actual Response Time: 373 is less than Expected Response Time: 2000
2023-01-17 10:21:36,596 3635 [main] INFO  com.spotify.tracks.TYSS_Tracks_GT_001 - Expected Status code is: 200 is matching with actual status code: 200
2023-01-17 10:21:36,913 3952 [main] INFO  com.spotify.tracks.TYSS_Tracks_GT_001 - Schema validation is done
2023-01-17 10:21:36,917 3956 [main] ERROR com.spotify.tracks.TYSS_Tracks_GT_001 - path cannot be null
