2023-01-25 10:41:14,609 181  [main] INFO  com.spotify.baseutil.BaseTest - Folder creation for Extent
2023-01-25 10:41:14,614 186  [main] INFO  com.spotify.baseutil.BaseTest - ExtentDir:-C:\API Workspace\API_Framework/reports/Automation Report- 01_25_2023_10_41_14
2023-01-25 10:41:14,688 260  [main] INFO  com.spotify.baseutil.BaseTest - Report Initiated
2023-01-25 10:41:14,688 260  [main] INFO  com.spotify.baseutil.BaseTest - Screenshot folder created
2023-01-25 10:41:16,803 2375 [main] DEBUG i.r.i.RequestSpecificationImpl$RestAssuredHttpBuilder - Parsing response as: application/json
2023-01-25 10:41:16,805 2377 [main] DEBUG i.r.i.RequestSpecificationImpl$RestAssuredHttpBuilder - Parsed data to instance of: class org.apache.http.conn.EofSensorInputStream
2023-01-25 10:41:16,879 2451 [main] INFO  com.spotify.albums.TYSS_Albums_GNR_001 - Able to provide Authorization and fetch the token
2023-01-25 10:41:17,200 2772 [main] INFO  com.spotify.albums.TYSS_Albums_GNR_001 - Response body value is: BQBYrLzRYdSi0QptZCZ9pebDEDCeJIm_eqXgXke9GgVQp84NTxdIzkZjRbHlkgL8Y60VSfCbL1lzYW731C26YaLl5QJf4i6-bl0J9_Tsdha7cyVs6HpOza53bX78Dm5OgsPxEdMAghqYHQTr9GeZzZV5h7I4ghGaG-MY_r2l3PXXyTRd1Q5V96tmyx3WAXAxksVz5GAQDYyfXl5fy7fEa4Y5-fMU7Y5tijAlmYQYu8RGg83zqX1uGkHy8T_SfeuHeUQbtoYhZ-G3pjVXvdcGF0zv6SkharvEI4YVhzcf5pf01ArChWQH-7ZPXxMrZWFvfj2_dStcIPv7a0drc1nHvQ
2023-01-25 10:41:17,314 2886 [main] INFO  com.spotify.albums.TYSS_Albums_GNR_001 - Able to write data into json file
2023-01-25 10:41:17,332 2904 [main] INFO  com.spotify.albums.TYSS_Albums_GNR_001 - Able to read data from json file
2023-01-25 10:41:17,339 2911 [main] INFO  com.spotify.albums.TYSS_Albums_GNR_001 - Able to add headers for authentication
2023-01-25 10:41:17,344 2916 [main] INFO  com.spotify.albums.TYSS_Albums_GNR_001 - This request do not have Path parameters
2023-01-25 10:41:17,345 2917 [main] INFO  com.spotify.albums.TYSS_Albums_GNR_001 - Path parameters added to the request
2023-01-25 10:41:17,347 2919 [main] INFO  com.spotify.albums.TYSS_Albums_GNR_001 - Able to add query parameter
2023-01-25 10:41:17,990 3562 [main] DEBUG i.r.i.RequestSpecificationImpl$RestAssuredHttpBuilder - Parsing response as: application/json; charset=utf-8
2023-01-25 10:41:17,993 3565 [main] DEBUG i.r.i.RequestSpecificationImpl$RestAssuredHttpBuilder - Parsed data to instance of: class org.apache.http.conn.EofSensorInputStream
2023-01-25 10:41:18,045 3617 [main] INFO  com.spotify.albums.TYSS_Albums_GNR_001 - Able to get request using parameters
2023-01-25 10:41:18,047 3619 [main] INFO  com.spotify.albums.TYSS_Albums_GNR_001 - expected Content type is: application/json equal to actual Content type: application/json; charset=utf-8
2023-01-25 10:41:18,048 3620 [main] INFO  com.spotify.albums.TYSS_Albums_GNR_001 - Actual Response Time: 623 is less than Expected Response Time: 2000
2023-01-25 10:41:18,048 3620 [main] INFO  com.spotify.albums.TYSS_Albums_GNR_001 - Expected Status code is: 200 is matching with actual status code: 200
2023-01-25 10:41:18,734 4306 [main] INFO  com.spotify.albums.TYSS_Albums_GNR_001 - Schema validation is done
2023-01-25 10:41:18,835 4407 [main] INFO  com.spotify.albums.TYSS_Albums_GNR_001 - Expected body value: IN is present in the Actual body Value
