2023-01-16 17:22:07,279 479  [main] INFO  com.spotify.baseutil.BaseTest - Folder creation for Extent
2023-01-16 17:22:07,295 495  [main] INFO  com.spotify.baseutil.BaseTest - ExtentDir:-C:\Users\User\git\API_Framework/reports/Automation Report- 01_16_2023_17_22_07
2023-01-16 17:22:07,449 649  [main] INFO  com.spotify.baseutil.BaseTest - Report Initiated
2023-01-16 17:22:07,451 651  [main] INFO  com.spotify.baseutil.BaseTest - Screenshot folder created
2023-01-16 17:22:13,521 6721 [main] DEBUG i.r.i.RequestSpecificationImpl$RestAssuredHttpBuilder - Parsing response as: application/json
2023-01-16 17:22:13,549 6749 [main] DEBUG i.r.i.RequestSpecificationImpl$RestAssuredHttpBuilder - Parsed data to instance of: class org.apache.http.conn.EofSensorInputStream
2023-01-16 17:22:13,953 7153 [main] INFO  com.spotify.users.TYSS_Users_CUFP_002 - Able to provide Authorization and fetch the token
2023-01-16 17:22:15,294 8494 [main] INFO  com.spotify.users.TYSS_Users_CUFP_002 - Response body value is: BQDsztoATboq0yjlqvLmlPuwcyiJbV5D-ZtNx-g0tmiKBSxAy2VKLHDANym9rLmNwELvGGOCpDOa8QXNTSB-z8duZbgF3LLXIa0xxK5pzv34g8eSPXBb4WJA5_UEoDqqfoysw1Qp0cpDddYqKBn6ALJZP5ixQ5fXN7UAhfUuGAynIKvRzrxjl3aU8xiW6BeGRfR2cCmJjACX-pD2OdIW621MxIb0pWCT0b1m8qZpLGHt32TJeBezTXER7a4ZHx3c5C-AreQMq6e2sgk7Sl0hjYrJWR--D9uXg0Y8-eYvkqwdoXdJdbk3b5e4lAAr20f8VSu9qFcCnwlUtsiZIFrt
2023-01-16 17:22:15,554 8754 [main] INFO  com.spotify.users.TYSS_Users_CUFP_002 - Able to write data into json file
2023-01-16 17:22:15,599 8799 [main] INFO  com.spotify.users.TYSS_Users_CUFP_002 - Able to read data from json file
2023-01-16 17:22:15,614 8814 [main] INFO  com.spotify.users.TYSS_Users_CUFP_002 - Able to add headers for authentication
2023-01-16 17:22:15,630 8830 [main] INFO  com.spotify.users.TYSS_Users_CUFP_002 - Path parameters added to the request
2023-01-16 17:22:15,635 8835 [main] INFO  com.spotify.users.TYSS_Users_CUFP_002 - Able to add query parameter
2023-01-16 17:22:16,288 9488 [main] DEBUG i.r.i.RequestSpecificationImpl$RestAssuredHttpBuilder - Parsing response as: application/json
2023-01-16 17:22:16,289 9489 [main] DEBUG i.r.i.RequestSpecificationImpl$RestAssuredHttpBuilder - Parsed data to instance of: class org.apache.http.conn.EofSensorInputStream
2023-01-16 17:22:16,297 9497 [main] INFO  com.spotify.users.TYSS_Users_CUFP_002 - Able to get request using parameters
2023-01-16 17:22:16,303 9503 [main] INFO  com.spotify.users.TYSS_Users_CUFP_002 - expected Content type is: application/json equal to actual Content type: application/json
2023-01-16 17:22:16,304 9504 [main] INFO  com.spotify.users.TYSS_Users_CUFP_002 - Actual Response Time: 569 is less than Expected Response Time: 4000
2023-01-16 17:22:16,305 9505 [main] INFO  com.spotify.users.TYSS_Users_CUFP_002 - Expected Status code is: 404 is matching with actual status code: 404
2023-01-16 17:22:16,333 9533 [main] INFO  com.spotify.users.TYSS_Users_CUFP_002 - Response body value is: [status:404, message:Service not found]
2023-01-16 17:22:16,335 9535 [main] INFO  com.spotify.users.TYSS_Users_CUFP_002 - Response contains error message: Service not found
