2023-01-17 10:34:40,103 198  [main] INFO  com.spotify.baseutil.BaseTest - Folder creation for Extent
2023-01-17 10:34:40,108 203  [main] INFO  com.spotify.baseutil.BaseTest - ExtentDir:-C:\Users\putha\sreelatha_API\API_Framework/reports/Automation Report- 01_17_2023_10_34_40
2023-01-17 10:34:40,188 283  [main] INFO  com.spotify.baseutil.BaseTest - Report Initiated
2023-01-17 10:34:40,188 283  [main] INFO  com.spotify.baseutil.BaseTest - Screenshot folder created
2023-01-17 10:34:42,460 2555 [main] DEBUG i.r.i.RequestSpecificationImpl$RestAssuredHttpBuilder - Parsing response as: application/json
2023-01-17 10:34:42,463 2558 [main] DEBUG i.r.i.RequestSpecificationImpl$RestAssuredHttpBuilder - Parsed data to instance of: class org.apache.http.conn.EofSensorInputStream
2023-01-17 10:34:42,546 2641 [main] INFO  com.spotify.shows.TYSS_Shows_SSFCU_003 - Able to provide Authorization and fetch the token
2023-01-17 10:34:42,945 3040 [main] INFO  com.spotify.shows.TYSS_Shows_SSFCU_003 - Response body value is: BQB3o8OMvWIe2AGcJstTwVwyjdgVx7V82NfRF-QKhnCxe7Mndlh1nK2S9VUGS2uXpzTKc6R6fv8t95VpSyF3Rj5p2dl9hOLf82zJeNvJ-3C9nYborrUx2-fETfpBQoxwKupr-y3BzQwtTEtHyePWxMm9_7-kmMWG75QrTCDh68almo9qjo_iTqSXVj8D6TzoU8dcbe-738ZSY_ShJKZFab9KYFFRPlM9Pwnlo_ZVrz3T2c53yuyX3cFq4GJGlPLMWSpziJhP5rn8HuQAnD4TBbuyi5xuNSZR9nm9-DPjf82EhVw5E_zRQg79a8296MZDTTE-cJ7yt5rTZSFa33RY
2023-01-17 10:34:43,045 3140 [main] INFO  com.spotify.shows.TYSS_Shows_SSFCU_003 - Able to write data into json file
2023-01-17 10:34:43,069 3164 [main] INFO  com.spotify.shows.TYSS_Shows_SSFCU_003 - Able to read data from json file
2023-01-17 10:34:43,075 3170 [main] INFO  com.spotify.shows.TYSS_Shows_SSFCU_003 - Able to add headers for authentication
2023-01-17 10:34:43,080 3175 [main] INFO  com.spotify.shows.TYSS_Shows_SSFCU_003 - This request do not have Path parameters
2023-01-17 10:34:43,081 3176 [main] INFO  com.spotify.shows.TYSS_Shows_SSFCU_003 - Path parameters added to the request
2023-01-17 10:34:43,082 3177 [main] INFO  com.spotify.shows.TYSS_Shows_SSFCU_003 - Able to add query parameter
2023-01-17 10:34:43,479 3574 [main] DEBUG i.r.i.RequestSpecificationImpl$RestAssuredHttpBuilder - Parsing response as: application/json; charset=utf-8
2023-01-17 10:34:43,479 3574 [main] DEBUG i.r.i.RequestSpecificationImpl$RestAssuredHttpBuilder - Parsed data to instance of: class org.apache.http.conn.EofSensorInputStream
2023-01-17 10:34:43,484 3579 [main] INFO  com.spotify.shows.TYSS_Shows_SSFCU_003 - Able to put request using parameters
2023-01-17 10:34:43,493 3588 [main] INFO  com.spotify.shows.TYSS_Shows_SSFCU_003 - Expected Status code is: 400 is matching with actual status code: 400
2023-01-17 10:34:43,493 3588 [main] INFO  com.spotify.shows.TYSS_Shows_SSFCU_003 - Actual Response Time: 370 is less than Expected Response Time: 2000
2023-01-17 10:34:43,502 3597 [main] INFO  com.spotify.shows.TYSS_Shows_SSFCU_003 - Response body contains invalid id: Bad request.
