2023-01-25 11:56:35,044 137  [main] INFO  com.spotify.baseutil.BaseTest - Folder creation for Extent
2023-01-25 11:56:35,050 143  [main] INFO  com.spotify.baseutil.BaseTest - ExtentDir:-C:\Users\User\git\API_Framework/reports/Automation Report- 01_25_2023_11_56_35
2023-01-25 11:56:35,114 207  [main] INFO  com.spotify.baseutil.BaseTest - Report Initiated
2023-01-25 11:56:35,114 207  [main] INFO  com.spotify.baseutil.BaseTest - Screenshot folder created
2023-01-25 11:56:37,605 2698 [main] DEBUG i.r.i.RequestSpecificationImpl$RestAssuredHttpBuilder - Parsing response as: application/json
2023-01-25 11:56:37,608 2701 [main] DEBUG i.r.i.RequestSpecificationImpl$RestAssuredHttpBuilder - Parsed data to instance of: class org.apache.http.conn.EofSensorInputStream
2023-01-25 11:56:37,758 2851 [main] INFO  com.spotify.users.TYSS_Users_GCUP_005 - Able to provide Authorization and fetch the token
2023-01-25 11:56:38,163 3256 [main] INFO  com.spotify.users.TYSS_Users_GCUP_005 - Response body value is: BQDEpc79k7PIyMBRHNiV865RYjwW7AVILsTumTrikE9zcuoo7lG5UPG0Y_5bw7NT5Ce-elVHLws9U24i7ksRBobBXjxT4ARndF0ajL_Mg9RwDPk6_O5yLC995akuObCQrU79KtFWJ9h2sNNKJdncPITclOauwRBHWZn-PIe42byYvNtktEIn-Q6savl_tG4Xa8vvmwciMjSgnMHJiDMT_TUgl2MAFU0F-KwLbMCGl6hqZKsIzT9SLjB7vq-kV3Krc-rm0KMFlnnvK0iOdniogyyj99CtlRgDYU0HZ_piqAQU2lLkfD2RxfNK6lUycc83FT3AUt27gDPy7-0m9M1Kkw
2023-01-25 11:56:38,267 3360 [main] INFO  com.spotify.users.TYSS_Users_GCUP_005 - Able to write data into json file
2023-01-25 11:56:38,286 3379 [main] INFO  com.spotify.users.TYSS_Users_GCUP_005 - Able to read data from json file
2023-01-25 11:56:38,290 3383 [main] INFO  com.spotify.users.TYSS_Users_GCUP_005 - Able to add headers for authentication
2023-01-25 11:56:38,296 3389 [main] INFO  com.spotify.users.TYSS_Users_GCUP_005 - This request do not have Path parameters
2023-01-25 11:56:38,296 3389 [main] INFO  com.spotify.users.TYSS_Users_GCUP_005 - Path parameters added to the request
2023-01-25 11:56:38,296 3389 [main] INFO  com.spotify.users.TYSS_Users_GCUP_005 - This reuest do not have Query Parameters
2023-01-25 11:56:38,296 3389 [main] INFO  com.spotify.users.TYSS_Users_GCUP_005 - Able to add query parameter
2023-01-25 11:56:39,039 4132 [main] DEBUG i.r.i.RequestSpecificationImpl$RestAssuredHttpBuilder - Parsing response as: application/json
2023-01-25 11:56:39,040 4133 [main] DEBUG i.r.i.RequestSpecificationImpl$RestAssuredHttpBuilder - Parsed data to instance of: class org.apache.http.conn.EofSensorInputStream
2023-01-25 11:56:39,046 4139 [main] INFO  com.spotify.users.TYSS_Users_GCUP_005 - Able to get request using parameters
2023-01-25 11:56:39,049 4142 [main] INFO  com.spotify.users.TYSS_Users_GCUP_005 - expected Content type is: application/json equal to actual Content type: application/json
2023-01-25 11:56:39,049 4142 [main] INFO  com.spotify.users.TYSS_Users_GCUP_005 - Actual Response Time: 722 is less than Expected Response Time: 2000
2023-01-25 11:56:39,050 4143 [main] INFO  com.spotify.users.TYSS_Users_GCUP_005 - Expected Status code is: 404 is matching with actual status code: 404
2023-01-25 11:56:39,059 4152 [main] INFO  com.spotify.users.TYSS_Users_GCUP_005 - Response body value is: [status:404, message:Service not found]
2023-01-25 11:56:39,059 4152 [main] INFO  com.spotify.users.TYSS_Users_GCUP_005 - Response contains error message: Service not found
