2023-01-17 10:09:17,784 336  [main] INFO  com.spotify.baseutil.BaseTest - Folder creation for Extent
2023-01-17 10:09:17,811 363  [main] INFO  com.spotify.baseutil.BaseTest - ExtentDir:-C:\Users\User\git\API_Framework/reports/Automation Report- 01_17_2023_10_09_17
2023-01-17 10:09:17,952 504  [main] INFO  com.spotify.baseutil.BaseTest - Report Initiated
2023-01-17 10:09:17,953 505  [main] INFO  com.spotify.baseutil.BaseTest - Screenshot folder created
2023-01-17 10:09:22,835 5387 [main] DEBUG i.r.i.RequestSpecificationImpl$RestAssuredHttpBuilder - Parsing response as: application/json
2023-01-17 10:09:22,860 5412 [main] DEBUG i.r.i.RequestSpecificationImpl$RestAssuredHttpBuilder - Parsed data to instance of: class org.apache.http.conn.EofSensorInputStream
2023-01-17 10:09:23,191 5743 [main] INFO  com.spotify.playlist.TYSS_Playlists_CP_001 - Able to provide Authorization and fetch the token
2023-01-17 10:09:24,274 6826 [main] INFO  com.spotify.playlist.TYSS_Playlists_CP_001 - Response body value is: BQDOvPtyhjBXH_Ov9MW9qMDGILTUqY2YzvRUj50URAjGHk_5oG32K6yOXf-Mn9QFOrjCqYRar_L05aSZysokW9yCXzMa6cfFm68qA2b5YeHom7wx9LCIR6ovn9Idr0RBu0owHeoQYwD0KBU9Y9bMz5vff9MAiHdVMUbvAWCpp8YlMH1HKxnjEgH-u7Xn88tkPsLV-ZxBXbfPBCmuOCK_Js8z5x_Pyq5oDnKEc4yEZYhVjFS78lhzZL4bIhOMTI3WaTJkmiGxXc8iKzDc1cj8TtYpGzrnueqE6R3gYRydi8XhEg8CV-_6KEzntoVZ4GahV2Fmvb-FNMJWEkGWUKNV
2023-01-17 10:09:24,593 7145 [main] INFO  com.spotify.playlist.TYSS_Playlists_CP_001 - Able to write data into json file
2023-01-17 10:09:24,643 7195 [main] INFO  com.spotify.playlist.TYSS_Playlists_CP_001 - Able to read data from json file
2023-01-17 10:09:24,660 7212 [main] INFO  com.spotify.playlist.TYSS_Playlists_CP_001 - Able to add headers for authentication
2023-01-17 10:09:24,675 7227 [main] INFO  com.spotify.playlist.TYSS_Playlists_CP_001 - Path parameters added to the request
2023-01-17 10:09:24,677 7229 [main] INFO  com.spotify.playlist.TYSS_Playlists_CP_001 - This reuest do not have Query Parameters
2023-01-17 10:09:24,679 7231 [main] INFO  com.spotify.playlist.TYSS_Playlists_CP_001 - Able to add query parameter
2023-01-17 10:09:26,289 8841 [main] DEBUG i.r.i.RequestSpecificationImpl$RestAssuredHttpBuilder - Parsing response as: application/json; charset=utf-8
2023-01-17 10:09:26,291 8843 [main] DEBUG i.r.i.RequestSpecificationImpl$RestAssuredHttpBuilder - Parsed data to instance of: class org.apache.http.conn.EofSensorInputStream
2023-01-17 10:09:26,299 8851 [main] INFO  com.spotify.playlist.TYSS_Playlists_CP_001 - Able to post request using json file
2023-01-17 10:09:26,307 8859 [main] INFO  com.spotify.playlist.TYSS_Playlists_CP_001 - Actual Response Time: 1545 is less than Expected Response Time: 2000
2023-01-17 10:09:26,313 8865 [main] INFO  com.spotify.playlist.TYSS_Playlists_CP_001 - Expected Status code is: 201 is matching with actual status code: 201
2023-01-17 10:09:27,077 9629 [main] INFO  com.spotify.playlist.TYSS_Playlists_CP_001 - Schema validation is done
