2023-01-17 09:11:32,544 387  [main] INFO  com.spotify.baseutil.BaseTest - Folder creation for Extent
2023-01-17 09:11:32,550 393  [main] INFO  com.spotify.baseutil.BaseTest - ExtentDir:-C:\API Workspace\API_Framework/reports/Automation Report- 01_17_2023_09_11_32
2023-01-17 09:11:32,716 559  [main] INFO  com.spotify.baseutil.BaseTest - Report Initiated
2023-01-17 09:11:32,717 560  [main] INFO  com.spotify.baseutil.BaseTest - Screenshot folder created
2023-01-17 09:11:36,729 4572 [main] DEBUG i.r.i.RequestSpecificationImpl$RestAssuredHttpBuilder - Parsing response as: application/json
2023-01-17 09:11:36,739 4582 [main] DEBUG i.r.i.RequestSpecificationImpl$RestAssuredHttpBuilder - Parsed data to instance of: class org.apache.http.conn.EofSensorInputStream
2023-01-17 09:11:36,912 4755 [main] INFO  com.spotify.tracks.TYSS_Tracks_GT_002 - Able to provide Authorization and fetch the token
2023-01-17 09:11:37,757 5600 [main] INFO  com.spotify.tracks.TYSS_Tracks_GT_002 - Response body value is: BQBh2zV5qwtaSBTGygvxA_QfrH6FKUztuICxUWKc0ivSbarEYDYHja4DY5hgRbI4NNt7a8PirVcbjvSS1mvxRUNQtmwS1seLuqHYomd2f58hnQFKlEjQNZS2ZhMMhd8sTUymrkuAjFFhSf8q573Vd-x44MKNykvi2VfdqP1RmvaOt6GD9Ci5dpB9vLd1n1oUgYnqMGwZcK9ZxqxWwdLhU6jCNS2CSLS-ZokdqZ3XAd1Ng7QVGikKHYQGOmUKrrrNYdEAeSuudcE0f3CN2OQFU6KYSW-XPyyoqCc0MYf0oFa2wQ0OmKkvCTENCD4HfgfvdJdF30LEeAtlK9ZbTwTx
2023-01-17 09:11:37,968 5811 [main] INFO  com.spotify.tracks.TYSS_Tracks_GT_002 - Able to write data into json file
2023-01-17 09:11:38,011 5854 [main] INFO  com.spotify.tracks.TYSS_Tracks_GT_002 - Able to read data from json file
2023-01-17 09:11:38,025 5868 [main] INFO  com.spotify.tracks.TYSS_Tracks_GT_002 - Able to add headers for authentication
2023-01-17 09:11:38,037 5880 [main] INFO  com.spotify.tracks.TYSS_Tracks_GT_002 - Path parameters added to the request
2023-01-17 09:11:38,040 5883 [main] INFO  com.spotify.tracks.TYSS_Tracks_GT_002 - Able to add query parameter
2023-01-17 09:11:38,632 6475 [main] DEBUG i.r.i.RequestSpecificationImpl$RestAssuredHttpBuilder - Parsing response as: application/json; charset=utf-8
2023-01-17 09:11:38,634 6477 [main] DEBUG i.r.i.RequestSpecificationImpl$RestAssuredHttpBuilder - Parsed data to instance of: class org.apache.http.conn.EofSensorInputStream
2023-01-17 09:11:38,660 6503 [main] INFO  com.spotify.tracks.TYSS_Tracks_GT_002 - Able to get request using parameters
2023-01-17 09:11:38,664 6507 [main] INFO  com.spotify.tracks.TYSS_Tracks_GT_002 - expected Content type is: application/json equal to actual Content type: application/json; charset=utf-8
2023-01-17 09:11:38,666 6509 [main] INFO  com.spotify.tracks.TYSS_Tracks_GT_002 - Actual Response Time: 540 is less than Expected Response Time: 2000
2023-01-17 09:11:38,667 6510 [main] INFO  com.spotify.tracks.TYSS_Tracks_GT_002 - Expected Status code is: 200 is matching with actual status code: 200
2023-01-17 09:11:39,253 7096 [main] INFO  com.spotify.tracks.TYSS_Tracks_GT_002 - Schema validation is done
2023-01-17 09:11:39,289 7132 [main] INFO  com.spotify.tracks.TYSS_Tracks_GT_002 - Expected body value: Poongatre Poongatre is present in the Actual body Value
2023-01-17 09:11:39,318 7161 [main] INFO  com.spotify.tracks.TYSS_Tracks_GT_002 - Expected body value: single is present in the Actual body Value
2023-01-17 09:11:39,347 7190 [main] INFO  com.spotify.tracks.TYSS_Tracks_GT_002 - Expected body value: 2010-11-22 is present in the Actual body Value
