2023-01-27 17:21:43,396 810  [main] INFO  com.spotify.baseutil.BaseTest - Folder creation for Extent
2023-01-27 17:21:43,403 817  [main] INFO  com.spotify.baseutil.BaseTest - ExtentDir:-C:\Users\putha\sreelatha_API\API_Framework/reports/Automation Report- 01_27_2023_17_21_43
2023-01-27 17:21:43,591 1005 [main] INFO  com.spotify.baseutil.BaseTest - Report Initiated
2023-01-27 17:21:43,592 1006 [main] INFO  com.spotify.baseutil.BaseTest - Screenshot folder created
2023-01-27 17:21:49,937 7351 [main] DEBUG i.r.i.RequestSpecificationImpl$RestAssuredHttpBuilder - Parsing response as: application/json
2023-01-27 17:21:49,940 7354 [main] DEBUG i.r.i.RequestSpecificationImpl$RestAssuredHttpBuilder - Parsed data to instance of: class org.apache.http.conn.EofSensorInputStream
2023-01-27 17:21:50,233 7647 [main] INFO  com.spotify.albums.TYSS_Albums_GA_001 - Able to provide Authorization and fetch the token
2023-01-27 17:21:51,203 8617 [main] INFO  com.spotify.albums.TYSS_Albums_GA_001 - Response body value is: BQCH3fYQvKCdmB1mrCWgr7lw1ROjWPhvK6gx693Gox82tfXv5eVpHjdk_1cqKpRYvFKHr37beboozxv2gHwPoQ2GX_-L-yicsZWdI2uwaCZFbeS3yS87DOJJK6EoUIuN5MPV3llPg6oIGyZm5slokZKbpiwr1ZS6SyPYTFKvURdXXdKTr7sihqY8BDOJmgQF0YRH0lPlxZROoUrxD_Pe6wa-YBLmWWtZofYtv6j0Vnjjcd5Vqtw7TK7jVeWTywlak7v7NcX3F2PqANN20zwH581oTsFB6aKpoaZ5LZs6JFTWS04_qLxMB6B11PpnaBNOeKPNVhfHvot9M-7KikA56Q
2023-01-27 17:21:51,471 8885 [main] INFO  com.spotify.albums.TYSS_Albums_GA_001 - Able to write data into json file
2023-01-27 17:21:51,494 8908 [main] INFO  com.spotify.albums.TYSS_Albums_GA_001 - Able to read data from json file
2023-01-27 17:21:51,499 8913 [main] INFO  com.spotify.albums.TYSS_Albums_GA_001 - Able to add headers for authentication
2023-01-27 17:21:51,505 8919 [main] INFO  com.spotify.albums.TYSS_Albums_GA_001 - Path parameters added to the request
2023-01-27 17:21:51,505 8919 [main] INFO  com.spotify.albums.TYSS_Albums_GA_001 - This reuest do not have Query Parameters
2023-01-27 17:21:51,505 8919 [main] INFO  com.spotify.albums.TYSS_Albums_GA_001 - Able to add query parameter
2023-01-27 17:21:52,078 9492 [main] DEBUG i.r.i.RequestSpecificationImpl$RestAssuredHttpBuilder - Parsing response as: application/json; charset=utf-8
2023-01-27 17:21:52,079 9493 [main] DEBUG i.r.i.RequestSpecificationImpl$RestAssuredHttpBuilder - Parsed data to instance of: class org.apache.http.conn.EofSensorInputStream
2023-01-27 17:21:52,106 9520 [main] INFO  com.spotify.albums.TYSS_Albums_GA_001 - Able to get request using parameters
2023-01-27 17:21:52,106 9520 [main] INFO  com.spotify.albums.TYSS_Albums_GA_001 - Response contains single id: id
2023-01-27 17:21:52,108 9522 [main] INFO  com.spotify.albums.TYSS_Albums_GA_001 - Expected Status code is: 200 is matching with actual status code: 200
2023-01-27 17:21:52,109 9523 [main] INFO  com.spotify.albums.TYSS_Albums_GA_001 - Actual Response Time: 549 is less than Expected Response Time: 2000
2023-01-27 17:21:52,109 9523 [main] INFO  com.spotify.albums.TYSS_Albums_GA_001 - expected Content type is: application/json equal to actual Content type: application/json; charset=utf-8
2023-01-27 17:21:53,046 10460 [main] INFO  com.spotify.albums.TYSS_Albums_GA_001 - Schema validation is done
