2023-01-25 10:40:42,072 181  [main] INFO  com.spotify.baseutil.BaseTest - Folder creation for Extent
2023-01-25 10:40:42,077 186  [main] INFO  com.spotify.baseutil.BaseTest - ExtentDir:-C:\API Workspace\API_Framework/reports/Automation Report- 01_25_2023_10_40_42
2023-01-25 10:40:42,155 264  [main] INFO  com.spotify.baseutil.BaseTest - Report Initiated
2023-01-25 10:40:42,156 265  [main] INFO  com.spotify.baseutil.BaseTest - Screenshot folder created
2023-01-25 10:40:44,268 2377 [main] DEBUG i.r.i.RequestSpecificationImpl$RestAssuredHttpBuilder - Parsing response as: application/json
2023-01-25 10:40:44,270 2379 [main] DEBUG i.r.i.RequestSpecificationImpl$RestAssuredHttpBuilder - Parsed data to instance of: class org.apache.http.conn.EofSensorInputStream
2023-01-25 10:40:44,349 2458 [main] INFO  com.spotify.albums.TYSS_Albums_CUSA_005 - Able to provide Authorization and fetch the token
2023-01-25 10:40:44,704 2813 [main] INFO  com.spotify.albums.TYSS_Albums_CUSA_005 - Response body value is: BQDNoWi25PvZmNrSuwJqJvQbDcgBHloezEwwuMFRzwIgPGfTywZeysiljByUL_QiAa0iqdiypvXZo68KhGfYdPTjC5dJO8lD_lfIE_kwxcUHXFZoyCGX42GC6mWi2hlN-GXv_GFOMlffW6kflK3Rh6b1R6rfhxUA4H4_vA42237LqYUiHaugtGW50i544P9V4sIaOcAiz_blkM58k7NHvWJFfWL67FD5w5JKR9O9GlS3tXD0F6knpf0LBguF8ZVsqZv2phnj5Msdo9G2do3J0zKKHgiUDXdGi9eZTWI6ePwJvBTGRHKQQDPbFG17xR_WTk4YsIfg44zPDPcEuOD0Lg
2023-01-25 10:40:44,811 2920 [main] INFO  com.spotify.albums.TYSS_Albums_CUSA_005 - Able to write data into json file
2023-01-25 10:40:44,836 2945 [main] INFO  com.spotify.albums.TYSS_Albums_CUSA_005 - Able to read data from json file
2023-01-25 10:40:44,841 2950 [main] INFO  com.spotify.albums.TYSS_Albums_CUSA_005 - Able to add headers for authentication
2023-01-25 10:40:44,845 2954 [main] INFO  com.spotify.albums.TYSS_Albums_CUSA_005 - This request do not have Path parameters
2023-01-25 10:40:44,846 2955 [main] INFO  com.spotify.albums.TYSS_Albums_CUSA_005 - Path parameters added to the request
2023-01-25 10:40:44,847 2956 [main] INFO  com.spotify.albums.TYSS_Albums_CUSA_005 - Able to add query parameter
2023-01-25 10:40:45,214 3323 [main] DEBUG i.r.i.RequestSpecificationImpl$RestAssuredHttpBuilder - Parsing response as: application/json
2023-01-25 10:40:45,215 3324 [main] DEBUG i.r.i.RequestSpecificationImpl$RestAssuredHttpBuilder - Parsed data to instance of: class org.apache.http.conn.EofSensorInputStream
2023-01-25 10:40:45,219 3328 [main] INFO  com.spotify.albums.TYSS_Albums_CUSA_005 - Able to get request using parameters
2023-01-25 10:40:45,223 3332 [main] INFO  com.spotify.albums.TYSS_Albums_CUSA_005 - expected Content type is: application/json equal to actual Content type: application/json
2023-01-25 10:40:45,223 3332 [main] INFO  com.spotify.albums.TYSS_Albums_CUSA_005 - Actual Response Time: 343 is less than Expected Response Time: 2000
2023-01-25 10:40:45,224 3333 [main] INFO  com.spotify.albums.TYSS_Albums_CUSA_005 - Expected Status code is: 404 is matching with actual status code: 404
