2023-01-25 11:57:46,583 146  [main] INFO  com.spotify.baseutil.BaseTest - Folder creation for Extent
2023-01-25 11:57:46,589 152  [main] INFO  com.spotify.baseutil.BaseTest - ExtentDir:-C:\Users\User\git\API_Framework/reports/Automation Report- 01_25_2023_11_57_46
2023-01-25 11:57:46,653 216  [main] INFO  com.spotify.baseutil.BaseTest - Report Initiated
2023-01-25 11:57:46,653 216  [main] INFO  com.spotify.baseutil.BaseTest - Screenshot folder created
2023-01-25 11:57:48,717 2280 [main] DEBUG i.r.i.RequestSpecificationImpl$RestAssuredHttpBuilder - Parsing response as: application/json
2023-01-25 11:57:48,719 2282 [main] DEBUG i.r.i.RequestSpecificationImpl$RestAssuredHttpBuilder - Parsed data to instance of: class org.apache.http.conn.EofSensorInputStream
2023-01-25 11:57:48,855 2418 [main] INFO  com.spotify.users.TYSS_Users_GUP_005 - Able to provide Authorization and fetch the token
2023-01-25 11:57:49,260 2823 [main] INFO  com.spotify.users.TYSS_Users_GUP_005 - Response body value is: BQDhLpzSM6hYLKcAj_QYJzKaDHk9AnyGWV5fDXT6WZtl-4HmZ_1LaI0vBXbudTJ_ODYtgkWf19g9JgAYZ15z0-vRPOixGTd_Bp3Bt0fRpDoQBKr0HFsg4g056PkWhetqt9gKyk0ax-l46DVq25zTkIgx_31yoJE7kgF2_aXiykWKTrJpgFkYrt82a9R_SOjzBjxxCxFRXw3kpnXIRXADm-ecUgo-hjeVAJPMzMIt6p2SayiAZZsb9cA0QOI1VgjkGxiG48L0byvNClKVgG0y3gwGy0lIzkG_OfKGD8Ke0HpoUKvBauSQYdQ2w9jQhYHXVvrbJRjKQS0iidH82SWPsg
2023-01-25 11:57:49,376 2939 [main] INFO  com.spotify.users.TYSS_Users_GUP_005 - Able to write data into json file
2023-01-25 11:57:49,393 2956 [main] INFO  com.spotify.users.TYSS_Users_GUP_005 - Able to read data from json file
2023-01-25 11:57:49,397 2960 [main] INFO  com.spotify.users.TYSS_Users_GUP_005 - Able to add headers for authentication
2023-01-25 11:57:49,403 2966 [main] INFO  com.spotify.users.TYSS_Users_GUP_005 - Path parameters added to the request
2023-01-25 11:57:49,403 2966 [main] INFO  com.spotify.users.TYSS_Users_GUP_005 - This reuest do not have Query Parameters
2023-01-25 11:57:49,403 2966 [main] INFO  com.spotify.users.TYSS_Users_GUP_005 - Able to add query parameter
2023-01-25 11:57:49,802 3365 [main] DEBUG i.r.i.RequestSpecificationImpl$RestAssuredHttpBuilder - Parsing response as: application/json
2023-01-25 11:57:49,803 3366 [main] DEBUG i.r.i.RequestSpecificationImpl$RestAssuredHttpBuilder - Parsed data to instance of: class org.apache.http.conn.EofSensorInputStream
2023-01-25 11:57:49,809 3372 [main] INFO  com.spotify.users.TYSS_Users_GUP_005 - Able to get request using parameters
2023-01-25 11:57:49,811 3374 [main] INFO  com.spotify.users.TYSS_Users_GUP_005 - expected Content type is: application/json equal to actual Content type: application/json
2023-01-25 11:57:49,811 3374 [main] INFO  com.spotify.users.TYSS_Users_GUP_005 - Actual Response Time: 381 is less than Expected Response Time: 2000
2023-01-25 11:57:49,811 3374 [main] INFO  com.spotify.users.TYSS_Users_GUP_005 - Expected Status code is: 404 is matching with actual status code: 404
2023-01-25 11:57:49,820 3383 [main] INFO  com.spotify.users.TYSS_Users_GUP_005 - Response body value is: [status:404, message:Service not found]
2023-01-25 11:57:49,820 3383 [main] INFO  com.spotify.users.TYSS_Users_GUP_005 - Response contains error message: Service not found
