2023-01-27 10:39:45,196 232  [main] INFO  com.spotify.baseutil.BaseTest - Folder creation for Extent
2023-01-27 10:39:45,202 238  [main] INFO  com.spotify.baseutil.BaseTest - ExtentDir:-D:\Api_FW\API_Framework/reports/Automation Report- 01_27_2023_10_39_45
2023-01-27 10:39:45,317 353  [main] INFO  com.spotify.baseutil.BaseTest - Report Initiated
2023-01-27 10:39:45,318 354  [main] INFO  com.spotify.baseutil.BaseTest - Screenshot folder created
2023-01-27 10:39:48,634 3670 [main] DEBUG i.r.i.RequestSpecificationImpl$RestAssuredHttpBuilder - Parsing response as: application/json
2023-01-27 10:39:48,636 3672 [main] DEBUG i.r.i.RequestSpecificationImpl$RestAssuredHttpBuilder - Parsed data to instance of: class org.apache.http.conn.EofSensorInputStream
2023-01-27 10:39:48,781 3817 [main] INFO  com.spotify.artists.TYSS_TC_Artists_GARA_003 - Able to provide Authorization and fetch the token
2023-01-27 10:39:49,541 4577 [main] INFO  com.spotify.artists.TYSS_TC_Artists_GARA_003 - Response body value is: BQDQ2z1Ql2fXZ3zFMxNxLiyY4GGyh-GmIw5yzpkOSi8Gq8S-5UPoyE5ArWacHZVX9W9jpaHvLTXEt35mbzT8P-Y8_JntA9G-UfEYsYA6NaKHYbmkGzDQbkVGSbt6IivaG9GRUZ8jKmSYOVpysGVWa-XS_5BYIAVNeKb31p3nRBxmOBACrszqLc3in74NW94RHJ-ZxCJPEiBXsyUXK_0y-0Jz3dqcNheOddNN7ly7U3oB2s1h5JkwOUBnQAU2hRHedwF9UNJq04aM5oCBFjGoPYZZUKc72tSE4fGlS6tloB4qZsIfpyycUpslb8ZYJOQN46v-JAO4LAQrRAZwP71R0Q
2023-01-27 10:39:49,740 4776 [main] INFO  com.spotify.artists.TYSS_TC_Artists_GARA_003 - Able to write data into json file
2023-01-27 10:39:49,767 4803 [main] INFO  com.spotify.artists.TYSS_TC_Artists_GARA_003 - Able to read data from json file
2023-01-27 10:39:49,773 4809 [main] INFO  com.spotify.artists.TYSS_TC_Artists_GARA_003 - Able to add headers for authentication
2023-01-27 10:39:49,779 4815 [main] INFO  com.spotify.artists.TYSS_TC_Artists_GARA_003 - Path parameters added to the request
2023-01-27 10:39:49,779 4815 [main] INFO  com.spotify.artists.TYSS_TC_Artists_GARA_003 - This reuest do not have Query Parameters
2023-01-27 10:39:49,779 4815 [main] INFO  com.spotify.artists.TYSS_TC_Artists_GARA_003 - Able to add query parameter
2023-01-27 10:39:50,113 5149 [main] DEBUG i.r.i.RequestSpecificationImpl$RestAssuredHttpBuilder - Parsing response as: application/json; charset=utf-8
2023-01-27 10:39:50,115 5151 [main] DEBUG i.r.i.RequestSpecificationImpl$RestAssuredHttpBuilder - Parsed data to instance of: class org.apache.http.conn.EofSensorInputStream
2023-01-27 10:39:50,184 5220 [main] INFO  com.spotify.artists.TYSS_TC_Artists_GARA_003 - Able to get request using parameters
2023-01-27 10:39:50,199 5235 [main] INFO  com.spotify.artists.TYSS_TC_Artists_GARA_003 - expected Content type is: application/json equal to actual Content type: application/json; charset=utf-8
2023-01-27 10:39:50,200 5236 [main] INFO  com.spotify.artists.TYSS_TC_Artists_GARA_003 - Expected Status code is: 200 is matching with actual status code: 200
2023-01-27 10:39:50,200 5236 [main] INFO  com.spotify.artists.TYSS_TC_Artists_GARA_003 - Actual Response Time: 304 is less than Expected Response Time: 2000
2023-01-27 10:39:50,323 5359 [main] INFO  com.spotify.artists.TYSS_TC_Artists_GARA_003 - Response body contains artists[0].type: artist
