2023-01-25 11:01:21,446 249  [main] INFO  com.spotify.baseutil.BaseTest - Folder creation for Extent
2023-01-25 11:01:21,453 256  [main] INFO  com.spotify.baseutil.BaseTest - ExtentDir:-D:\Api_FW\API_Framework/reports/Automation Report- 01_25_2023_11_01_21
2023-01-25 11:01:21,568 371  [main] INFO  com.spotify.baseutil.BaseTest - Report Initiated
2023-01-25 11:01:21,569 372  [main] INFO  com.spotify.baseutil.BaseTest - Screenshot folder created
2023-01-25 11:01:24,542 3345 [main] DEBUG i.r.i.RequestSpecificationImpl$RestAssuredHttpBuilder - Parsing response as: application/json
2023-01-25 11:01:24,544 3347 [main] DEBUG i.r.i.RequestSpecificationImpl$RestAssuredHttpBuilder - Parsed data to instance of: class org.apache.http.conn.EofSensorInputStream
2023-01-25 11:01:24,782 3585 [main] INFO  com.spotify.playlist.TYSS_TC_Playlists_AITP_005 - Able to provide Authorization and fetch the token
2023-01-25 11:01:25,350 4153 [main] INFO  com.spotify.playlist.TYSS_TC_Playlists_AITP_005 - Response body value is: BQDr2WTn78jhiyeeYG8h4kfgId2k-ibw1kwCkzJEXkoWdPy3iX_rS1bWj8DCvOR5R9EtMPK0DKJVepo_6VID61R8TobQ3EzDMm08rERFLzP2_ZH07sTaedakhZDF4Thc-3hCgDtQcahmS5ZQcTHIprVtpUpJvMu2ujzfvEGsORR45xHdsQ-QHqN0RwC3TW2rexFKYEo-fxt2J3RXmUbTTFImiQ5ggSN926P-ZRH53zSb6Pvy183DveQgWl2KFYjbpZiXWtmUFlzrSFc04ZOH_At-jVzt1xk0Dpd6hVwlr6ON2vNnts0i9I9YHy_S8xyPgat_A3Z01ESYtrBwzm4cLQ
2023-01-25 11:01:25,566 4369 [main] INFO  com.spotify.playlist.TYSS_TC_Playlists_AITP_005 - Able to write data into json file
2023-01-25 11:01:25,606 4409 [main] INFO  com.spotify.playlist.TYSS_TC_Playlists_AITP_005 - Able to read data from json file
2023-01-25 11:01:25,615 4418 [main] INFO  com.spotify.playlist.TYSS_TC_Playlists_AITP_005 - Able to add headers for authentication
2023-01-25 11:01:25,626 4429 [main] INFO  com.spotify.playlist.TYSS_TC_Playlists_AITP_005 - Path parameters added to the request
2023-01-25 11:01:25,627 4430 [main] INFO  com.spotify.playlist.TYSS_TC_Playlists_AITP_005 - This reuest do not have Query Parameters
2023-01-25 11:01:25,627 4430 [main] INFO  com.spotify.playlist.TYSS_TC_Playlists_AITP_005 - Able to add query parameter
2023-01-25 11:01:25,917 4720 [main] DEBUG i.r.i.RequestSpecificationImpl$RestAssuredHttpBuilder - Parsing response as: application/json
2023-01-25 11:01:25,918 4721 [main] DEBUG i.r.i.RequestSpecificationImpl$RestAssuredHttpBuilder - Parsed data to instance of: class org.apache.http.conn.EofSensorInputStream
2023-01-25 11:01:25,927 4730 [main] INFO  com.spotify.playlist.TYSS_TC_Playlists_AITP_005 - Able to post request using json file
2023-01-25 11:01:25,937 4740 [main] INFO  com.spotify.playlist.TYSS_TC_Playlists_AITP_005 - expected Content type is: application/json equal to actual Content type: application/json
2023-01-25 11:01:25,938 4741 [main] INFO  com.spotify.playlist.TYSS_TC_Playlists_AITP_005 - Expected Status code is: 404 is matching with actual status code: 404
2023-01-25 11:01:25,941 4744 [main] INFO  com.spotify.playlist.TYSS_TC_Playlists_AITP_005 - Actual Response Time: 245 is less than Expected Response Time: 2000
2023-01-25 11:01:25,964 4767 [main] INFO  com.spotify.playlist.TYSS_TC_Playlists_AITP_005 - Response body contains error.message: Service not found
