2023-01-25 11:18:15,724 257  [main] INFO  com.spotify.baseutil.BaseTest - Folder creation for Extent
2023-01-25 11:18:15,731 264  [main] INFO  com.spotify.baseutil.BaseTest - ExtentDir:-D:\Api_FW\API_Framework/reports/Automation Report- 01_25_2023_11_18_15
2023-01-25 11:18:15,977 510  [main] INFO  com.spotify.baseutil.BaseTest - Report Initiated
2023-01-25 11:18:15,992 525  [main] INFO  com.spotify.baseutil.BaseTest - Screenshot folder created
2023-01-25 11:18:19,086 3619 [main] DEBUG i.r.i.RequestSpecificationImpl$RestAssuredHttpBuilder - Parsing response as: application/json
2023-01-25 11:18:19,087 3620 [main] DEBUG i.r.i.RequestSpecificationImpl$RestAssuredHttpBuilder - Parsed data to instance of: class org.apache.http.conn.EofSensorInputStream
2023-01-25 11:18:19,258 3791 [main] INFO  com.spotify.playlist.TYSS_TC_Playlists_AITP_005 - Able to provide Authorization and fetch the token
2023-01-25 11:18:19,846 4379 [main] INFO  com.spotify.playlist.TYSS_TC_Playlists_AITP_005 - Response body value is: BQBKNrRgfDLThZCPfSZtKYiA5GvE-WK1rNR38yLKCJItOEIWvkl5Dd_LZaAikj87RDxYmfTnSSZElllQ6IkREgNq-3qrk2pW49JoXt6rf_PHn3jgZkluH8ttl0kRsuzMqf7SwRwxUZvkBSzl0f4rnN5LvBAlcElu1Brkdg-UFBEIDklgPmOERzzT-xXfVIOSessFORCqxY_NerTB5-T6KztvP4XRobhY1xVJG8jprzHAbEj8YH24uQRaH2rHyr_mnXObE1fU4X_PcF_ztncydtPaOa9amsI3fc7eOZ7RnrNuk1hTASDdgYUkMhkZRGEJSgOz9X6olWzKQSko0QXTiA
2023-01-25 11:18:20,029 4562 [main] INFO  com.spotify.playlist.TYSS_TC_Playlists_AITP_005 - Able to write data into json file
2023-01-25 11:18:20,068 4601 [main] INFO  com.spotify.playlist.TYSS_TC_Playlists_AITP_005 - Able to read data from json file
2023-01-25 11:18:20,076 4609 [main] INFO  com.spotify.playlist.TYSS_TC_Playlists_AITP_005 - Able to add headers for authentication
2023-01-25 11:18:20,086 4619 [main] INFO  com.spotify.playlist.TYSS_TC_Playlists_AITP_005 - Path parameters added to the request
2023-01-25 11:18:20,087 4620 [main] INFO  com.spotify.playlist.TYSS_TC_Playlists_AITP_005 - This reuest do not have Query Parameters
2023-01-25 11:18:20,087 4620 [main] INFO  com.spotify.playlist.TYSS_TC_Playlists_AITP_005 - Able to add query parameter
2023-01-25 11:18:20,401 4934 [main] DEBUG i.r.i.RequestSpecificationImpl$RestAssuredHttpBuilder - Parsing response as: application/json
2023-01-25 11:18:20,402 4935 [main] DEBUG i.r.i.RequestSpecificationImpl$RestAssuredHttpBuilder - Parsed data to instance of: class org.apache.http.conn.EofSensorInputStream
2023-01-25 11:18:20,408 4941 [main] INFO  com.spotify.playlist.TYSS_TC_Playlists_AITP_005 - Able to post request using json file
2023-01-25 11:18:20,417 4950 [main] INFO  com.spotify.playlist.TYSS_TC_Playlists_AITP_005 - expected Content type is: application/json equal to actual Content type: application/json
2023-01-25 11:18:20,418 4951 [main] INFO  com.spotify.playlist.TYSS_TC_Playlists_AITP_005 - Expected Status code is: 404 is matching with actual status code: 404
2023-01-25 11:18:20,419 4952 [main] INFO  com.spotify.playlist.TYSS_TC_Playlists_AITP_005 - Actual Response Time: 271 is less than Expected Response Time: 2000
2023-01-25 11:18:20,443 4976 [main] INFO  com.spotify.playlist.TYSS_TC_Playlists_AITP_005 - Response body contains error.message: Service not found
