2023-01-16 20:08:57,360 166  [main] INFO  com.spotify.baseutil.BaseTest - C:\Users\Abhishek\New folder\API_Framework/Controller.xlsx
2023-01-16 20:08:57,567 373  [main] INFO  com.spotify.baseutil.BaseTest - com.spotify.albums.TYSS_Albums_GAT_001
2023-01-16 20:08:57,568 374  [main] INFO  com.spotify.baseutil.BaseTest - com.spotify.albums.TYSS_Albums_GAT_002
2023-01-16 20:08:57,569 375  [main] INFO  com.spotify.baseutil.BaseTest - com.spotify.albums.TYSS_Albums_GAT_003
2023-01-16 20:08:57,569 375  [main] INFO  com.spotify.baseutil.BaseTest - com.spotify.albums.TYSS_Albums_GAT_004
2023-01-16 20:08:57,570 376  [main] INFO  com.spotify.baseutil.BaseTest - com.spotify.albums.TYSS_Albums_GAT_005
2023-01-16 20:08:57,570 376  [main] INFO  com.spotify.baseutil.BaseTest - com.spotify.albums.TYSS_Albums_GUSA_001
2023-01-16 20:08:57,570 376  [main] INFO  com.spotify.baseutil.BaseTest - com.spotify.albums.TYSS_Albums_GUSA_002
2023-01-16 20:08:57,570 376  [main] INFO  com.spotify.baseutil.BaseTest - com.spotify.albums.TYSS_Albums_GUSA_003
2023-01-16 20:08:57,570 376  [main] INFO  com.spotify.baseutil.BaseTest - com.spotify.albums.TYSS_Albums_GUSA_004
2023-01-16 20:08:57,571 377  [main] INFO  com.spotify.baseutil.BaseTest - com.spotify.albums.TYSS_Albums_GUSA_005
2023-01-16 20:08:57,571 377  [main] INFO  com.spotify.baseutil.BaseTest - com.spotify.albums.TYSS_Albums_GAS_001
2023-01-16 20:08:57,571 377  [main] INFO  com.spotify.baseutil.BaseTest - com.spotify.albums.TYSS_Albums_GAS_002
2023-01-16 20:08:57,571 377  [main] INFO  com.spotify.baseutil.BaseTest - com.spotify.albums.TYSS_Albums_GAS_003
2023-01-16 20:08:57,572 378  [main] INFO  com.spotify.baseutil.BaseTest - com.spotify.albums.TYSS_Albums_GAS_004
2023-01-16 20:08:57,572 378  [main] INFO  com.spotify.baseutil.BaseTest - com.spotify.albums.TYSS_Albums_GAS_005
2023-01-16 20:08:57,572 378  [main] INFO  com.spotify.baseutil.BaseTest - com.spotify.albums.TYSS_Albums_GAS_006
2023-01-16 20:08:57,573 379  [main] INFO  com.spotify.baseutil.BaseTest - com.spotify.albums.TYSS_Albums_GAS_007
2023-01-16 20:08:57,573 379  [main] INFO  com.spotify.baseutil.BaseTest - com.spotify.albums.TYSS_Albums_RUSA_001
2023-01-16 20:08:57,573 379  [main] INFO  com.spotify.baseutil.BaseTest - com.spotify.albums.TYSS_Albums_RUSA_002
2023-01-16 20:08:57,573 379  [main] INFO  com.spotify.baseutil.BaseTest - com.spotify.albums.TYSS_Albums_RUSA_003
2023-01-16 20:08:57,573 379  [main] INFO  com.spotify.baseutil.BaseTest - com.spotify.albums.TYSS_Albums_RUSA_004
2023-01-16 20:08:57,573 379  [main] INFO  com.spotify.baseutil.BaseTest - com.spotify.shows.TYSS_Shows_GSE_001
2023-01-16 20:08:57,573 379  [main] INFO  com.spotify.baseutil.BaseTest - com.spotify.shows.TYSS_Shows_GSE_002
2023-01-16 20:08:57,573 379  [main] INFO  com.spotify.baseutil.BaseTest - com.spotify.shows.TYSS_Shows_GSE_003
2023-01-16 20:08:57,574 380  [main] INFO  com.spotify.baseutil.BaseTest - com.spotify.shows.TYSS_Shows_GSE_004
2023-01-16 20:08:57,575 381  [main] INFO  com.spotify.baseutil.BaseTest - com.spotify.shows.TYSS_Shows_SSFCU_001
2023-01-16 20:08:57,575 381  [main] INFO  com.spotify.baseutil.BaseTest - com.spotify.shows.TYSS_Shows_SSFCU_002
2023-01-16 20:08:57,576 382  [main] INFO  com.spotify.baseutil.BaseTest - com.spotify.shows.TYSS_Shows_SSFCU_003
2023-01-16 20:08:57,576 382  [main] INFO  com.spotify.baseutil.BaseTest - com.spotify.shows.Shows_GS_001
2023-01-16 20:08:57,576 382  [main] INFO  com.spotify.baseutil.BaseTest - com.spotify.shows.Shows_GS_002
2023-01-16 20:08:57,576 382  [main] INFO  com.spotify.baseutil.BaseTest - com.spotify.shows.Shows_GS_003
2023-01-16 20:08:57,577 383  [main] INFO  com.spotify.baseutil.BaseTest - com.spotify.shows.Shows_GS_004
2023-01-16 20:08:57,578 384  [main] INFO  com.spotify.baseutil.BaseTest - com.spotify.shows.Shows_GS_005
2023-01-16 20:08:57,578 384  [main] INFO  com.spotify.baseutil.BaseTest - com.spotify.shows.Shows_GS_006
2023-01-16 20:08:57,579 385  [main] INFO  com.spotify.baseutil.BaseTest - com.spotify.shows.Shows_GUSS_001
2023-01-16 20:08:57,579 385  [main] INFO  com.spotify.baseutil.BaseTest - com.spotify.shows.Shows_GUSS_002
2023-01-16 20:08:57,579 385  [main] INFO  com.spotify.baseutil.BaseTest - com.spotify.shows.Shows_GUSS_003
2023-01-16 20:08:57,579 385  [main] INFO  com.spotify.baseutil.BaseTest - com.spotify.shows.Shows_GUSS_004
2023-01-16 20:08:57,579 385  [main] INFO  com.spotify.baseutil.BaseTest - com.spotify.shows.Shows_GUSS_005
2023-01-16 20:08:57,579 385  [main] INFO  com.spotify.baseutil.BaseTest - com.spotify.shows.Shows_RUSS_001
2023-01-16 20:08:57,579 385  [main] INFO  com.spotify.baseutil.BaseTest - com.spotify.shows.Shows_RUSS_002
2023-01-16 20:08:57,580 386  [main] INFO  com.spotify.baseutil.BaseTest - com.spotify.shows.Shows_RUSS_003
2023-01-16 20:08:57,580 386  [main] INFO  com.spotify.baseutil.BaseTest - com.spotify.tracks.TYSS_Tracks_GTAA_001
2023-01-16 20:08:57,580 386  [main] INFO  com.spotify.baseutil.BaseTest - com.spotify.tracks.TYSS_Tracks_GTAA_002
2023-01-16 20:08:57,580 386  [main] INFO  com.spotify.baseutil.BaseTest - com.spotify.tracks.TYSS_Tracks_GTAA_003
2023-01-16 20:08:57,580 386  [main] INFO  com.spotify.baseutil.BaseTest - com.spotify.tracks.TYSS_Tracks_GTAA_004
2023-01-16 20:08:57,580 386  [main] INFO  com.spotify.baseutil.BaseTest - com.spotify.tracks.TYSS_Tracks_GTAA_005
2023-01-16 20:08:57,580 386  [main] INFO  com.spotify.baseutil.BaseTest - com.spotify.tracks.TYSS_Tracks_GTAF_001
2023-01-16 20:08:57,581 387  [main] INFO  com.spotify.baseutil.BaseTest - com.spotify.tracks.TYSS_Tracks_GTAF_002
2023-01-16 20:08:57,581 387  [main] INFO  com.spotify.baseutil.BaseTest - com.spotify.tracks.TYSS_Tracks_GTAF_003
2023-01-16 20:08:57,581 387  [main] INFO  com.spotify.baseutil.BaseTest - com.spotify.tracks.TYSS_Tracks_GTAF_004
2023-01-16 20:08:57,581 387  [main] INFO  com.spotify.baseutil.BaseTest - com.spotify.tracks.TYSS_Tracks_RUST_001
2023-01-16 20:08:57,581 387  [main] INFO  com.spotify.baseutil.BaseTest - com.spotify.tracks.TYSS_Tracks_RUST_002
2023-01-16 20:08:57,581 387  [main] INFO  com.spotify.baseutil.BaseTest - com.spotify.tracks.TYSS_Tracks_RUST_003
2023-01-16 20:08:57,581 387  [main] INFO  com.spotify.baseutil.BaseTest - com.spotify.tracks.TYSS_Tracks_RUST_004
2023-01-16 20:08:57,582 388  [main] INFO  com.spotify.baseutil.BaseTest - com.spotify.tracks.Tracks_GST_001
2023-01-16 20:08:57,582 388  [main] INFO  com.spotify.baseutil.BaseTest - com.spotify.tracks.Tracks_GST_002
2023-01-16 20:08:57,582 388  [main] INFO  com.spotify.baseutil.BaseTest - com.spotify.tracks.Tracks_GST_003
2023-01-16 20:08:57,582 388  [main] INFO  com.spotify.baseutil.BaseTest - com.spotify.tracks.Tracks_GST_004
2023-01-16 20:08:57,582 388  [main] INFO  com.spotify.baseutil.BaseTest - com.spotify.tracks.Tracks_GST_005
2023-01-16 20:08:57,582 388  [main] INFO  com.spotify.baseutil.BaseTest - com.spotify.tracks.Tracks_GST_006
2023-01-16 20:08:57,582 388  [main] INFO  com.spotify.baseutil.BaseTest - com.spotify.tracks.Tracks_GST_007
2023-01-16 20:08:57,583 389  [main] INFO  com.spotify.baseutil.BaseTest - com.spotify.tracks.Tracks_GUST_001
2023-01-16 20:08:57,583 389  [main] INFO  com.spotify.baseutil.BaseTest - com.spotify.tracks.Tracks_GUST_002
2023-01-16 20:08:57,584 390  [main] INFO  com.spotify.baseutil.BaseTest - com.spotify.tracks.Tracks_GUST_003
2023-01-16 20:08:57,584 390  [main] INFO  com.spotify.baseutil.BaseTest - com.spotify.tracks.Tracks_GUST_004
2023-01-16 20:08:57,584 390  [main] INFO  com.spotify.baseutil.BaseTest - com.spotify.tracks.Tracks_GUST_005
2023-01-16 20:08:57,584 390  [main] INFO  com.spotify.baseutil.BaseTest - com.spotify.tracks.Tracks_GR_001
2023-01-16 20:08:57,584 390  [main] INFO  com.spotify.baseutil.BaseTest - com.spotify.tracks.Tracks_GR_002
2023-01-16 20:08:57,584 390  [main] INFO  com.spotify.baseutil.BaseTest - com.spotify.tracks.Tracks_GR_003
2023-01-16 20:08:57,584 390  [main] INFO  com.spotify.baseutil.BaseTest - com.spotify.tracks.Tracks_GR_004
2023-01-16 20:08:57,584 390  [main] INFO  com.spotify.baseutil.BaseTest - com.spotify.tracks.Tracks_GR_005
2023-01-16 20:08:57,584 390  [main] INFO  com.spotify.baseutil.BaseTest - com.spotify.tracks.Tracks_GR_006
2023-01-16 20:08:57,585 391  [main] INFO  com.spotify.baseutil.BaseTest - com.spotify.search.TYSS_Search_SFI_001
2023-01-16 20:08:57,585 391  [main] INFO  com.spotify.baseutil.BaseTest - com.spotify.search.TYSS_Search_SFI_002
2023-01-16 20:08:57,585 391  [main] INFO  com.spotify.baseutil.BaseTest - com.spotify.search.TYSS_Search_SFI_003
2023-01-16 20:08:57,585 391  [main] INFO  com.spotify.baseutil.BaseTest - com.spotify.search.TYSS_Search_SFI_004
2023-01-16 20:08:57,586 392  [main] INFO  com.spotify.baseutil.BaseTest - com.spotify.search.TYSS_Search_SFI_005
2023-01-16 20:08:57,586 392  [main] INFO  com.spotify.baseutil.BaseTest - com.spotify.search.TYSS_Search_SFI_006
2023-01-16 20:08:57,586 392  [main] INFO  com.spotify.baseutil.BaseTest - com.spotify.search.TYSS_Search_SFI_007
2023-01-16 20:08:57,586 392  [main] INFO  com.spotify.baseutil.BaseTest - com.spotify.player.TYSS_Player_GAD_001
2023-01-16 20:08:57,587 393  [main] INFO  com.spotify.baseutil.BaseTest - com.spotify.player.TYSS_Player_GAD_002
2023-01-16 20:08:57,587 393  [main] INFO  com.spotify.baseutil.BaseTest - com.spotify.player.TYSS_Player_GPS_001
2023-01-16 20:08:57,587 393  [main] INFO  com.spotify.baseutil.BaseTest - com.spotify.player.TYSS_Player_GPS_002
2023-01-16 20:08:57,587 393  [main] INFO  com.spotify.baseutil.BaseTest - com.spotify.markets.TYSS_Markets_GAM_001
2023-01-16 20:08:57,587 393  [main] INFO  com.spotify.baseutil.BaseTest - com.spotify.markets.TYSS_Markets_GAM_002
2023-01-16 20:08:57,587 393  [main] INFO  com.spotify.baseutil.BaseTest - com.spotify.markets.TYSS_Markets_GAM_003
2023-01-16 20:08:57,588 394  [main] INFO  com.spotify.baseutil.BaseTest - com.spotify.genres.TYSS_Genres_GAGS_001
2023-01-16 20:08:57,589 395  [main] INFO  com.spotify.baseutil.BaseTest - com.spotify.genres.TYSS_Genres_GAGS_002
2023-01-16 20:08:57,589 395  [main] INFO  com.spotify.baseutil.BaseTest - com.spotify.categories.TYSS_Categories_GSEBC_001
2023-01-16 20:08:57,589 395  [main] INFO  com.spotify.baseutil.BaseTest - com.spotify.categories.TYSS_Categories_GSEBC_002
2023-01-16 20:08:57,589 395  [main] INFO  com.spotify.baseutil.BaseTest - com.spotify.categories.TYSS_Categories_GSIBC_001
2023-01-16 20:08:57,589 395  [main] INFO  com.spotify.baseutil.BaseTest - com.spotify.categories.TYSS_Categories_GSIBC_002
2023-01-16 20:08:57,589 395  [main] INFO  com.spotify.baseutil.BaseTest - com.spotify.artists.TYSS_TC_Artists_GA_001
2023-01-16 20:08:57,590 396  [main] INFO  com.spotify.baseutil.BaseTest - com.spotify.artists.TYSS_TC_Artists_GA_002
2023-01-16 20:08:57,590 396  [main] INFO  com.spotify.baseutil.BaseTest - com.spotify.artists.TYSS_TC_Artists_GA_003
2023-01-16 20:08:57,590 396  [main] INFO  com.spotify.baseutil.BaseTest - com.spotify.artists.TYSS_TC_Artists_GA_004
2023-01-16 20:08:57,590 396  [main] INFO  com.spotify.baseutil.BaseTest - com.spotify.artists.TYSS_TC_Artists_GA_005
2023-01-16 20:08:57,590 396  [main] INFO  com.spotify.baseutil.BaseTest - com.spotify.artists.TYSS_TC_Artists_GA_006
2023-01-16 20:08:57,590 396  [main] INFO  com.spotify.baseutil.BaseTest - com.spotify.artists.TYSS_TC_Artists_GA_007
2023-01-16 20:08:57,591 397  [main] INFO  com.spotify.baseutil.BaseTest - com.spotify.artists.TYSS_TC_Artists_GA_008
2023-01-16 20:08:57,591 397  [main] INFO  com.spotify.baseutil.BaseTest - com.spotify.artists.TYSS_TC_Artists_GAA_001
2023-01-16 20:08:57,591 397  [main] INFO  com.spotify.baseutil.BaseTest - com.spotify.artists.TYSS_TC_Artists_GAA_002
2023-01-16 20:08:57,591 397  [main] INFO  com.spotify.baseutil.BaseTest - com.spotify.artists.TYSS_TC_Artists_GAA_003
2023-01-16 20:08:57,591 397  [main] INFO  com.spotify.baseutil.BaseTest - com.spotify.artists.TYSS_TC_Artists_GAA_004
2023-01-16 20:08:57,591 397  [main] INFO  com.spotify.baseutil.BaseTest - com.spotify.artists.TYSS_TC_Artists_GAA_005
2023-01-16 20:08:57,591 397  [main] INFO  com.spotify.baseutil.BaseTest - com.spotify.artists.TYSS_TC_Artists_GAA_006
2023-01-16 20:08:57,592 398  [main] INFO  com.spotify.baseutil.BaseTest - com.spotify.artists.TYSS_TC_Artists_GARA_001
2023-01-16 20:08:57,592 398  [main] INFO  com.spotify.baseutil.BaseTest - com.spotify.artists.TYSS_TC_Artists_GARA_002
2023-01-16 20:08:57,592 398  [main] INFO  com.spotify.baseutil.BaseTest - com.spotify.artists.TYSS_TC_Artists_GARA_003
2023-01-16 20:08:57,592 398  [main] INFO  com.spotify.baseutil.BaseTest - com.spotify.artists.TYSS_TC_Artists_GARA_004
2023-01-16 20:08:57,592 398  [main] INFO  com.spotify.baseutil.BaseTest - com.spotify.artists.TYSS_TC_Artists_GARA_005
2023-01-16 20:08:57,592 398  [main] INFO  com.spotify.baseutil.BaseTest - com.spotify.artists.TYSS_TC_Artists_GARA_006
2023-01-16 20:08:57,593 399  [main] INFO  com.spotify.baseutil.BaseTest - com.spotify.artists.TYSS_TC_Artists_GATT_001
2023-01-16 20:08:57,593 399  [main] INFO  com.spotify.baseutil.BaseTest - com.spotify.artists.TYSS_TC_Artists_GATT_002
2023-01-16 20:08:57,593 399  [main] INFO  com.spotify.baseutil.BaseTest - com.spotify.artists.TYSS_TC_Artists_GATT_003
2023-01-16 20:08:57,593 399  [main] INFO  com.spotify.baseutil.BaseTest - com.spotify.artists.TYSS_TC_Artists_GATT_004
2023-01-16 20:08:57,593 399  [main] INFO  com.spotify.baseutil.BaseTest - com.spotify.artists.TYSS_TC_Artists_GATT_005
2023-01-16 20:08:57,593 399  [main] INFO  com.spotify.baseutil.BaseTest - com.spotify.artists.TYSS_TC_Artists_GATT_006
2023-01-16 20:08:57,593 399  [main] INFO  com.spotify.baseutil.BaseTest - com.spotify.artists.TYSS_TC_Artists_GSA_001
2023-01-16 20:08:57,594 400  [main] INFO  com.spotify.baseutil.BaseTest - com.spotify.artists.TYSS_TC_Artists_GSA_002
2023-01-16 20:08:57,594 400  [main] INFO  com.spotify.baseutil.BaseTest - com.spotify.artists.TYSS_TC_Artists_GSA_003
2023-01-16 20:08:57,594 400  [main] INFO  com.spotify.baseutil.BaseTest - com.spotify.artists.TYSS_TC_Artists_GSA_004
2023-01-16 20:08:57,594 400  [main] INFO  com.spotify.baseutil.BaseTest - com.spotify.artists.TYSS_TC_Artists_GSA_005
2023-01-16 20:08:57,594 400  [main] INFO  com.spotify.baseutil.BaseTest - com.spotify.artists.TYSS_TC_Artists_GSA_006
2023-01-16 20:08:57,594 400  [main] INFO  com.spotify.baseutil.BaseTest - com.spotify.artists.TYSS_TC_Artists_GSA_007
2023-01-16 20:08:57,595 401  [main] INFO  com.spotify.baseutil.BaseTest - com.spotify.artists.TYSS_TC_Artists_GSA_008
2023-01-16 20:08:57,595 401  [main] INFO  com.spotify.baseutil.BaseTest - com.spotify.playlists.TYSS_TC_Playlists_AITP_003
2023-01-16 20:08:57,596 402  [main] INFO  com.spotify.baseutil.BaseTest - com.spotify.playlists.TYSS_TC_Playlists_AITP_004
2023-01-16 20:08:57,596 402  [main] INFO  com.spotify.baseutil.BaseTest - com.spotify.playlists.TYSS_TC_Playlists_AITP_005
2023-01-16 20:08:57,596 402  [main] INFO  com.spotify.baseutil.BaseTest - com.spotify.playlists.TYSS_TC_Playlists_UPI_001
2023-01-16 20:08:57,596 402  [main] INFO  com.spotify.baseutil.BaseTest - com.spotify.playlists.TYSS_TC_Playlists_UPI_002
2023-01-16 20:08:57,596 402  [main] INFO  com.spotify.baseutil.BaseTest - com.spotify.playlists.TYSS_TC_Playlists_UPI_003
2023-01-16 20:08:57,596 402  [main] INFO  com.spotify.baseutil.BaseTest - com.spotify.playlists.TYSS_TC_Playlists_UPI_004
2023-01-16 20:08:57,597 403  [main] INFO  com.spotify.baseutil.BaseTest - com.spotify.playlist.TYSS_TC_Playlists_CPD_001
2023-01-16 20:08:57,597 403  [main] INFO  com.spotify.baseutil.BaseTest - com.spotify.playlist.TYSS_TC_Playlists_CPD_002
2023-01-16 20:08:57,597 403  [main] INFO  com.spotify.baseutil.BaseTest - com.spotify.playlist.TYSS_TC_Playlists_CPD_003
2023-01-16 20:08:57,597 403  [main] INFO  com.spotify.baseutil.BaseTest - com.spotify.playlist.TYSS_TC_Playlists_CPD_004
2023-01-16 20:08:57,597 403  [main] INFO  com.spotify.baseutil.BaseTest - com.spotify.playlist.TYSS_TC_Playlists_GCUP_001
2023-01-16 20:08:57,597 403  [main] INFO  com.spotify.baseutil.BaseTest - com.spotify.playlist.TYSS_TC_Playlists_GCUP_002
2023-01-16 20:08:57,598 404  [main] INFO  com.spotify.baseutil.BaseTest - com.spotify.playlist.TYSS_TC_Playlists_GCUP_003
2023-01-16 20:08:57,598 404  [main] INFO  com.spotify.baseutil.BaseTest - com.spotify.playlist.TYSS_TC_Playlists_GCUP_004
2023-01-16 20:08:57,598 404  [main] INFO  com.spotify.baseutil.BaseTest - com.spotify.playlist.TYSS_TC_Playlists_GFP_001
2023-01-16 20:08:57,598 404  [main] INFO  com.spotify.baseutil.BaseTest - com.spotify.playlist.TYSS_TC_Playlists_GFP_002
2023-01-16 20:08:57,598 404  [main] INFO  com.spotify.baseutil.BaseTest - com.spotify.playlist.TYSS_TC_Playlists_GFP_004
2023-01-16 20:08:57,599 405  [main] INFO  com.spotify.baseutil.BaseTest - com.spotify.playlist.TYSS_TC_Playlists_GFP_005
2023-01-16 20:08:57,599 405  [main] INFO  com.spotify.baseutil.BaseTest - com.spotify.playlist.TYSS_TC_Playlists_GP_001
2023-01-16 20:08:57,599 405  [main] INFO  com.spotify.baseutil.BaseTest - com.spotify.playlist.TYSS_TC_Playlists_GP_002
2023-01-16 20:08:57,599 405  [main] INFO  com.spotify.baseutil.BaseTest - com.spotify.playlist.TYSS_TC_Playlists_GP_003
2023-01-16 20:08:57,600 406  [main] INFO  com.spotify.baseutil.BaseTest - com.spotify.playlist.TYSS_TC_Playlists_GP_004
2023-01-16 20:08:57,600 406  [main] INFO  com.spotify.baseutil.BaseTest - com.spotify.playlist.TYSS_TC_Playlists_GP_005
2023-01-16 20:08:57,600 406  [main] INFO  com.spotify.baseutil.BaseTest - com.spotify.playlist.TYSS_TC_Playlists_GP_006
2023-01-16 20:08:57,600 406  [main] INFO  com.spotify.baseutil.BaseTest - com.spotify.playlist.TYSS_TC_Playlists_GPCI_001
2023-01-16 20:08:57,600 406  [main] INFO  com.spotify.baseutil.BaseTest - com.spotify.playlist.TYSS_TC_Playlists_GPCI_002
2023-01-16 20:08:57,600 406  [main] INFO  com.spotify.baseutil.BaseTest - com.spotify.playlist.TYSS_TC_Playlists_GPCI_003
2023-01-16 20:08:57,600 406  [main] INFO  com.spotify.baseutil.BaseTest - com.spotify.playlist.TYSS_TC_Playlists_GPCI_004
2023-01-16 20:08:57,601 407  [main] INFO  com.spotify.baseutil.BaseTest - com.spotify.playlist.TYSS_TC_Playlists_GPCI_005
2023-01-16 20:08:57,601 407  [main] INFO  com.spotify.baseutil.BaseTest - com.spotify.playlist.TYSS_TC_Playlists_GPI_001
2023-01-16 20:08:57,601 407  [main] INFO  com.spotify.baseutil.BaseTest - com.spotify.playlist.TYSS_TC_Playlists_GPI_002
2023-01-16 20:08:57,601 407  [main] INFO  com.spotify.baseutil.BaseTest - com.spotify.playlist.TYSS_TC_Playlists_GPI_003
2023-01-16 20:08:57,602 408  [main] INFO  com.spotify.baseutil.BaseTest - com.spotify.playlist.TYSS_TC_Playlists_GPI_004
2023-01-16 20:08:57,602 408  [main] INFO  com.spotify.baseutil.BaseTest - com.spotify.playlist.TYSS_TC_Playlists_GPI_005
2023-01-16 20:08:57,602 408  [main] INFO  com.spotify.baseutil.BaseTest - com.spotify.playlist.TYSS_TC_Playlists_GUP_001
2023-01-16 20:08:57,602 408  [main] INFO  com.spotify.baseutil.BaseTest - com.spotify.playlist.TYSS_TC_Playlists_GUP_002
2023-01-16 20:08:57,602 408  [main] INFO  com.spotify.baseutil.BaseTest - com.spotify.playlist.TYSS_TC_Playlists_GUP_003
2023-01-16 20:08:57,603 409  [main] INFO  com.spotify.baseutil.BaseTest - com.spotify.playlist.TYSS_TC_Playlists_GUP_004
2023-01-16 20:08:57,603 409  [main] INFO  com.spotify.baseutil.BaseTest - com.spotify.playlist.TYSS_TC_Playlists_GUP_005
2023-01-16 20:08:57,603 409  [main] INFO  com.spotify.baseutil.BaseTest - com.spotify.playlist.TYSS_TC_Playlists_RPI_001
2023-01-16 20:08:57,603 409  [main] INFO  com.spotify.baseutil.BaseTest - com.spotify.playlist.TYSS_TC_Playlists_RPI_002
2023-01-16 20:08:57,603 409  [main] INFO  com.spotify.baseutil.BaseTest - com.spotify.playlist.TYSS_TC_Playlists_RPI_003
2023-01-16 20:08:57,604 410  [main] INFO  com.spotify.baseutil.BaseTest - com.spotify.playlist.TYSS_TC_Playlists_RPI_004
2023-01-16 20:08:57,604 410  [main] INFO  com.spotify.baseutil.BaseTest - com.spotify.playlist.TYSS_Playlists_AITP_001
2023-01-16 20:08:57,604 410  [main] INFO  com.spotify.baseutil.BaseTest - com.spotify.playlist.TYSS_Playlists_AITP_002
2023-01-16 20:08:57,604 410  [main] INFO  com.spotify.baseutil.BaseTest - com.spotify.playlist.TYSS_Playlists_CP_001
2023-01-16 20:08:57,604 410  [main] INFO  com.spotify.baseutil.BaseTest - com.spotify.playlist.TYSS_Playlists_CP_002
2023-01-16 20:08:57,605 411  [main] INFO  com.spotify.baseutil.BaseTest - com.spotify.playlist.TYSS_Playlists_CP_003
2023-01-16 20:08:57,605 411  [main] INFO  com.spotify.baseutil.BaseTest - com.spotify.playlist.TYSS_Playlists_CP_004
2023-01-16 20:08:57,605 411  [main] INFO  com.spotify.baseutil.BaseTest - com.spotify.episodes.TYSS_Episodes_CUSE_001
2023-01-16 20:08:57,605 411  [main] INFO  com.spotify.baseutil.BaseTest - com.spotify.episodes.TYSS_Episodes_CUSE_002
2023-01-16 20:08:57,605 411  [main] INFO  com.spotify.baseutil.BaseTest - com.spotify.episodes.TYSS_Episodes_CUSE_003
2023-01-16 20:08:57,605 411  [main] INFO  com.spotify.baseutil.BaseTest - com.spotify.episodes.TYSS_Episodes_GE_001
2023-01-16 20:08:57,605 411  [main] INFO  com.spotify.baseutil.BaseTest - com.spotify.episodes.TYSS_Episodes_GE_003
2023-01-16 20:08:57,605 411  [main] INFO  com.spotify.baseutil.BaseTest - com.spotify.episodes.TYSS_Episodes_GE_004
2023-01-16 20:08:57,605 411  [main] INFO  com.spotify.baseutil.BaseTest - com.spotify.episodes.TYSS_Episodes_GE_005
2023-01-16 20:08:57,606 412  [main] INFO  com.spotify.baseutil.BaseTest - com.spotify.episodes.TYSS_Episodes_GSE_001
2023-01-16 20:08:57,606 412  [main] INFO  com.spotify.baseutil.BaseTest - com.spotify.episodes.TYSS_Episodes_GSE_002
2023-01-16 20:08:57,606 412  [main] INFO  com.spotify.baseutil.BaseTest - com.spotify.episodes.TYSS_Episodes_GSE_003
2023-01-16 20:08:57,607 413  [main] INFO  com.spotify.baseutil.BaseTest - com.spotify.episodes.TYSS_Episodes_GSE_004
2023-01-16 20:08:57,607 413  [main] INFO  com.spotify.baseutil.BaseTest - com.spotify.episodes.TYSS_Episodes_GSE_005
2023-01-16 20:08:57,607 413  [main] INFO  com.spotify.baseutil.BaseTest - com.spotify.episodes.TYSS_Episodes_GUSE_001
2023-01-16 20:08:57,607 413  [main] INFO  com.spotify.baseutil.BaseTest - com.spotify.episodes.TYSS_Episodes_GUSE_002
2023-01-16 20:08:57,608 414  [main] INFO  com.spotify.baseutil.BaseTest - com.spotify.episodes.TYSS_Episodes_GUSE_003
2023-01-16 20:08:57,608 414  [main] INFO  com.spotify.baseutil.BaseTest - com.spotify.episodes.TYSS_Episodes_GUSE_004
2023-01-16 20:08:57,608 414  [main] INFO  com.spotify.baseutil.BaseTest - com.spotify.episodes.TYSS_Episodes_RUSE_001
2023-01-16 20:08:57,608 414  [main] INFO  com.spotify.baseutil.BaseTest - com.spotify.episodes.TYSS_Episodes_RUSE_002
2023-01-16 20:08:57,608 414  [main] INFO  com.spotify.baseutil.BaseTest - com.spotify.episodes.TYSS_Episodes_SECU_001
2023-01-16 20:08:57,608 414  [main] INFO  com.spotify.baseutil.BaseTest - com.spotify.episodes.TYSS_Episodes_SECU_002
2023-01-16 20:08:57,608 414  [main] INFO  com.spotify.baseutil.BaseTest - com.spotify.episodes.TYSS_Episodes_SECU_003
2023-01-16 20:08:57,608 414  [main] INFO  com.spotify.baseutil.BaseTest - Total Scripts for Execution : 198
