2023-01-17 10:21:23,394 198  [main] INFO  com.spotify.baseutil.BaseTest - Folder creation for Extent
2023-01-17 10:21:23,399 203  [main] INFO  com.spotify.baseutil.BaseTest - ExtentDir:-C:\API Workspace\API_Framework/reports/Automation Report- 01_17_2023_10_21_23
2023-01-17 10:21:23,487 291  [main] INFO  com.spotify.baseutil.BaseTest - Report Initiated
2023-01-17 10:21:23,487 291  [main] INFO  com.spotify.baseutil.BaseTest - Screenshot folder created
2023-01-17 10:21:25,710 2514 [main] DEBUG i.r.i.RequestSpecificationImpl$RestAssuredHttpBuilder - Parsing response as: application/json
2023-01-17 10:21:25,718 2522 [main] DEBUG i.r.i.RequestSpecificationImpl$RestAssuredHttpBuilder - Parsed data to instance of: class org.apache.http.conn.EofSensorInputStream
2023-01-17 10:21:25,800 2604 [main] INFO  com.spotify.tracks.TYSS_Tracks_GT_002 - Able to provide Authorization and fetch the token
2023-01-17 10:21:26,182 2986 [main] INFO  com.spotify.tracks.TYSS_Tracks_GT_002 - Response body value is: BQAFPIQuz5ljbyHEaSw82TLVEGtulZZkRT_aqouGIzUk4WHQ9cmRE0PyOQo1BBXrl2eV1NHUnrgcU-dVjO1Rb9bPg7xN6nIBQ8tOWEXxRhw8ZJVyKBAY69iyysJ9Rnt48JjHK2L_V9hV4oXezTUim_kD9k94YRzdLcMrOcoN-EmsqXmE8JXQc-2C4MOAf0Q4dgRkUseOzYcW-7zGPECgaqSHsYkVM9adt6cxQasOCttKQVKn7QhhO9lAj9BrK_gxOOyVezrGgOjrAzWh26PbUfryruIJmjsE-UeQ__3z7cz2CUtC-JGdm_QHZPwYmWTq5URUduxZ05TYsIwlCry3
2023-01-17 10:21:26,304 3108 [main] INFO  com.spotify.tracks.TYSS_Tracks_GT_002 - Able to write data into json file
2023-01-17 10:21:26,332 3136 [main] INFO  com.spotify.tracks.TYSS_Tracks_GT_002 - Able to read data from json file
2023-01-17 10:21:26,336 3140 [main] INFO  com.spotify.tracks.TYSS_Tracks_GT_002 - Able to add headers for authentication
2023-01-17 10:21:26,341 3145 [main] INFO  com.spotify.tracks.TYSS_Tracks_GT_002 - Path parameters added to the request
2023-01-17 10:21:26,342 3146 [main] INFO  com.spotify.tracks.TYSS_Tracks_GT_002 - Able to add query parameter
2023-01-17 10:21:26,819 3623 [main] DEBUG i.r.i.RequestSpecificationImpl$RestAssuredHttpBuilder - Parsing response as: application/json; charset=utf-8
2023-01-17 10:21:26,820 3624 [main] DEBUG i.r.i.RequestSpecificationImpl$RestAssuredHttpBuilder - Parsed data to instance of: class org.apache.http.conn.EofSensorInputStream
2023-01-17 10:21:26,831 3635 [main] INFO  com.spotify.tracks.TYSS_Tracks_GT_002 - Able to get request using parameters
2023-01-17 10:21:26,832 3636 [main] INFO  com.spotify.tracks.TYSS_Tracks_GT_002 - expected Content type is: application/json equal to actual Content type: application/json; charset=utf-8
2023-01-17 10:21:26,833 3637 [main] INFO  com.spotify.tracks.TYSS_Tracks_GT_002 - Actual Response Time: 456 is less than Expected Response Time: 2000
2023-01-17 10:21:26,833 3637 [main] INFO  com.spotify.tracks.TYSS_Tracks_GT_002 - Expected Status code is: 200 is matching with actual status code: 200
2023-01-17 10:21:27,208 4012 [main] INFO  com.spotify.tracks.TYSS_Tracks_GT_002 - Schema validation is done
2023-01-17 10:21:27,230 4034 [main] INFO  com.spotify.tracks.TYSS_Tracks_GT_002 - Expected body value: Poongatre Poongatre is present in the Actual body Value
2023-01-17 10:21:27,251 4055 [main] INFO  com.spotify.tracks.TYSS_Tracks_GT_002 - Expected body value: single is present in the Actual body Value
2023-01-17 10:21:27,267 4071 [main] INFO  com.spotify.tracks.TYSS_Tracks_GT_002 - Expected body value: 2010-11-22 is present in the Actual body Value
