2023-01-17 10:03:50,460 249  [main] INFO  com.spotify.baseutil.BaseTest - C:\Users\Abhishek\New folder\API_Framework/Controller.xlsx
2023-01-17 10:03:50,694 483  [main] INFO  com.spotify.baseutil.BaseTest - com.spotify.albums.TYSS_Albums_GA_001
2023-01-17 10:03:50,696 485  [main] INFO  com.spotify.baseutil.BaseTest - com.spotify.albums.TYSS_Albums_GA_002
2023-01-17 10:03:50,698 487  [main] INFO  com.spotify.baseutil.BaseTest - com.spotify.albums.TYSS_Albums_GA_003
2023-01-17 10:03:50,698 487  [main] INFO  com.spotify.baseutil.BaseTest - com.spotify.albums.TYSS_Albums_GA_004
2023-01-17 10:03:50,699 488  [main] INFO  com.spotify.baseutil.BaseTest - com.spotify.albums.TYSS_Albums_GAT_001
2023-01-17 10:03:50,699 488  [main] INFO  com.spotify.baseutil.BaseTest - com.spotify.albums.TYSS_Albums_GAT_002
2023-01-17 10:03:50,699 488  [main] INFO  com.spotify.baseutil.BaseTest - com.spotify.albums.TYSS_Albums_GAT_003
2023-01-17 10:03:50,700 489  [main] INFO  com.spotify.baseutil.BaseTest - com.spotify.albums.TYSS_Albums_GAT_004
2023-01-17 10:03:50,700 489  [main] INFO  com.spotify.baseutil.BaseTest - com.spotify.albums.TYSS_Albums_GAT_005
2023-01-17 10:03:50,700 489  [main] INFO  com.spotify.baseutil.BaseTest - com.spotify.albums.TYSS_Albums_GUSA_001
2023-01-17 10:03:50,700 489  [main] INFO  com.spotify.baseutil.BaseTest - com.spotify.albums.TYSS_Albums_GUSA_002
2023-01-17 10:03:50,700 489  [main] INFO  com.spotify.baseutil.BaseTest - com.spotify.albums.TYSS_Albums_GUSA_003
2023-01-17 10:03:50,700 489  [main] INFO  com.spotify.baseutil.BaseTest - com.spotify.albums.TYSS_Albums_GUSA_004
2023-01-17 10:03:50,700 489  [main] INFO  com.spotify.baseutil.BaseTest - com.spotify.albums.TYSS_Albums_GUSA_005
2023-01-17 10:03:50,700 489  [main] INFO  com.spotify.baseutil.BaseTest - com.spotify.albums.TYSS_Albums_GAS_001
2023-01-17 10:03:50,701 490  [main] INFO  com.spotify.baseutil.BaseTest - com.spotify.albums.TYSS_Albums_GAS_002
2023-01-17 10:03:50,701 490  [main] INFO  com.spotify.baseutil.BaseTest - com.spotify.albums.TYSS_Albums_GAS_003
2023-01-17 10:03:50,702 491  [main] INFO  com.spotify.baseutil.BaseTest - com.spotify.albums.TYSS_Albums_GAS_004
2023-01-17 10:03:50,703 492  [main] INFO  com.spotify.baseutil.BaseTest - com.spotify.albums.TYSS_Albums_GAS_005
2023-01-17 10:03:50,703 492  [main] INFO  com.spotify.baseutil.BaseTest - com.spotify.albums.TYSS_Albums_GAS_006
2023-01-17 10:03:50,703 492  [main] INFO  com.spotify.baseutil.BaseTest - com.spotify.albums.TYSS_Albums_GAS_007
2023-01-17 10:03:50,703 492  [main] INFO  com.spotify.baseutil.BaseTest - com.spotify.albums.TYSS_Albums_RUSA_001
2023-01-17 10:03:50,703 492  [main] INFO  com.spotify.baseutil.BaseTest - com.spotify.albums.TYSS_Albums_RUSA_002
2023-01-17 10:03:50,703 492  [main] INFO  com.spotify.baseutil.BaseTest - com.spotify.albums.TYSS_Albums_RUSA_003
2023-01-17 10:03:50,704 493  [main] INFO  com.spotify.baseutil.BaseTest - com.spotify.albums.TYSS_Albums_RUSA_004
2023-01-17 10:03:50,704 493  [main] INFO  com.spotify.baseutil.BaseTest - Total Scripts for Execution : 25
