2023-01-25 10:40:32,918 187  [main] INFO  com.spotify.baseutil.BaseTest - Folder creation for Extent
2023-01-25 10:40:32,923 192  [main] INFO  com.spotify.baseutil.BaseTest - ExtentDir:-C:\API Workspace\API_Framework/reports/Automation Report- 01_25_2023_10_40_32
2023-01-25 10:40:33,003 272  [main] INFO  com.spotify.baseutil.BaseTest - Report Initiated
2023-01-25 10:40:33,003 272  [main] INFO  com.spotify.baseutil.BaseTest - Screenshot folder created
2023-01-25 10:40:35,047 2316 [main] DEBUG i.r.i.RequestSpecificationImpl$RestAssuredHttpBuilder - Parsing response as: application/json
2023-01-25 10:40:35,056 2325 [main] DEBUG i.r.i.RequestSpecificationImpl$RestAssuredHttpBuilder - Parsed data to instance of: class org.apache.http.conn.EofSensorInputStream
2023-01-25 10:40:35,134 2403 [main] INFO  com.spotify.albums.TYSS_Albums_CUSA_004 - Able to provide Authorization and fetch the token
2023-01-25 10:40:35,487 2756 [main] INFO  com.spotify.albums.TYSS_Albums_CUSA_004 - Response body value is: BQCEoKVw4-CupDYcnnrq9Yv99FAfCZx2hBJNIIN3q_ZZJj8KqnYl4wc8MwrWNApuf_5_BqBK3g7QGHiJ4SCAeS_aeX4a0O5vHN9MoKyubWIrvLI-Tx0SQ9drgNMdboDU2x2QLP-q2eEHPEAzTz1ymG02nehx49LF5bmQ1RbKQBwdjHDlc5f_04QQRFKvwSypdanfGQ7P_J8GoguuaMXGIiwD08qV9IGBosTLmRf7tgAlwNc3MnLz1ENYTAz5AIFapQZAGruR6x6sHyy9vfb-9jB3cNmzhkP70wMw0Teq4siQjneju5AiyU7GeaiCYjJ0JKJ2ER65PMiji8ZsWfOY7A
2023-01-25 10:40:35,584 2853 [main] INFO  com.spotify.albums.TYSS_Albums_CUSA_004 - Able to write data into json file
2023-01-25 10:40:35,608 2877 [main] INFO  com.spotify.albums.TYSS_Albums_CUSA_004 - Able to read data from json file
2023-01-25 10:40:35,615 2884 [main] INFO  com.spotify.albums.TYSS_Albums_CUSA_004 - Able to add headers for authentication
2023-01-25 10:40:35,621 2890 [main] INFO  com.spotify.albums.TYSS_Albums_CUSA_004 - This request do not have Path parameters
2023-01-25 10:40:35,622 2891 [main] INFO  com.spotify.albums.TYSS_Albums_CUSA_004 - Path parameters added to the request
2023-01-25 10:40:35,622 2891 [main] INFO  com.spotify.albums.TYSS_Albums_CUSA_004 - This reuest do not have Query Parameters
2023-01-25 10:40:35,622 2891 [main] INFO  com.spotify.albums.TYSS_Albums_CUSA_004 - Able to add query parameter
2023-01-25 10:40:36,033 3302 [main] DEBUG i.r.i.RequestSpecificationImpl$RestAssuredHttpBuilder - Parsing response as: application/json; charset=utf-8
2023-01-25 10:40:36,034 3303 [main] DEBUG i.r.i.RequestSpecificationImpl$RestAssuredHttpBuilder - Parsed data to instance of: class org.apache.http.conn.EofSensorInputStream
2023-01-25 10:40:36,039 3308 [main] INFO  com.spotify.albums.TYSS_Albums_CUSA_004 - Able to get request using parameters
2023-01-25 10:40:36,042 3311 [main] INFO  com.spotify.albums.TYSS_Albums_CUSA_004 - Actual Response Time: 386 is less than Expected Response Time: 2000
2023-01-25 10:40:36,043 3312 [main] INFO  com.spotify.albums.TYSS_Albums_CUSA_004 - Expected Status code is: 400 is matching with actual status code: 400
