2023-01-17 10:22:41,763 200  [main] INFO  com.spotify.baseutil.BaseTest - Folder creation for Extent
2023-01-17 10:22:41,767 204  [main] INFO  com.spotify.baseutil.BaseTest - ExtentDir:-C:\Users\putha\sreelatha_API\API_Framework/reports/Automation Report- 01_17_2023_10_22_41
2023-01-17 10:22:41,850 287  [main] INFO  com.spotify.baseutil.BaseTest - Report Initiated
2023-01-17 10:22:41,852 289  [main] INFO  com.spotify.baseutil.BaseTest - Screenshot folder created
2023-01-17 10:22:44,007 2444 [main] DEBUG i.r.i.RequestSpecificationImpl$RestAssuredHttpBuilder - Parsing response as: application/json
2023-01-17 10:22:44,010 2447 [main] DEBUG i.r.i.RequestSpecificationImpl$RestAssuredHttpBuilder - Parsed data to instance of: class org.apache.http.conn.EofSensorInputStream
2023-01-17 10:22:44,097 2534 [main] INFO  com.spotify.albums.TYSS_Albums_GA_002 - Able to provide Authorization and fetch the token
2023-01-17 10:22:44,478 2915 [main] INFO  com.spotify.albums.TYSS_Albums_GA_002 - Response body value is: BQBN1mqEfIGChj7AU2bcTvGwoIWv2VqScl0Oq31q9VRjdaZdAbN9im0kRlGUT1B02VLCyImMrx0MT6_6b1_QAakltUygSe0B5oeTyiVynxFs1mPsXFU32bXiop54QR4lQ058Ts7yeCG7P39cbXMQpzAJaj1nohgz9b8GknXH1LIXBoJezom4bfXa2FoGvjD4ryTUV1dLPg_Rni0Vb0P6f994IZd32QEyXjmNe3CgL8wtK21bh3bByqki0-U1tnnP1jV74ZE4CJFOpJ6y0gGQcY1wTwvrjVowNdY-ANzvmb4bCdAA8bGmwEsZLExK8s_2pDAi8695aXvp3s1bntAh
2023-01-17 10:22:44,580 3017 [main] INFO  com.spotify.albums.TYSS_Albums_GA_002 - Able to write data into json file
2023-01-17 10:22:44,603 3040 [main] INFO  com.spotify.albums.TYSS_Albums_GA_002 - Able to read data from json file
2023-01-17 10:22:44,607 3044 [main] INFO  com.spotify.albums.TYSS_Albums_GA_002 - Able to add headers for authentication
2023-01-17 10:22:44,612 3049 [main] INFO  com.spotify.albums.TYSS_Albums_GA_002 - Path parameters added to the request
2023-01-17 10:22:44,613 3050 [main] INFO  com.spotify.albums.TYSS_Albums_GA_002 - This reuest do not have Query Parameters
2023-01-17 10:22:44,613 3050 [main] INFO  com.spotify.albums.TYSS_Albums_GA_002 - Able to add query parameter
2023-01-17 10:22:45,222 3659 [main] DEBUG i.r.i.RequestSpecificationImpl$RestAssuredHttpBuilder - Parsing response as: application/json; charset=utf-8
2023-01-17 10:22:45,224 3661 [main] DEBUG i.r.i.RequestSpecificationImpl$RestAssuredHttpBuilder - Parsed data to instance of: class org.apache.http.conn.EofSensorInputStream
2023-01-17 10:22:45,253 3690 [main] INFO  com.spotify.albums.TYSS_Albums_GA_002 - Able to get request using parameters
2023-01-17 10:22:45,291 3728 [main] INFO  com.spotify.albums.TYSS_Albums_GA_002 - Response body value is: Kantara (Original Motion Picture Soundtrack)
2023-01-17 10:22:45,347 3784 [main] INFO  com.spotify.albums.TYSS_Albums_GA_002 - Response body value is: 2022-10-12
2023-01-17 10:22:45,349 3786 [main] INFO  com.spotify.albums.TYSS_Albums_GA_002 - Expected Status code is: 200 is matching with actual status code: 200
2023-01-17 10:22:45,350 3787 [main] INFO  com.spotify.albums.TYSS_Albums_GA_002 - Actual Response Time: 588 is less than Expected Response Time: 2000
2023-01-17 10:22:45,350 3787 [main] INFO  com.spotify.albums.TYSS_Albums_GA_002 - expected Content type is: application/json equal to actual Content type: application/json; charset=utf-8
2023-01-17 10:22:45,908 4345 [main] INFO  com.spotify.albums.TYSS_Albums_GA_002 - Schema validation is done
