2023-01-17 08:55:02,295 386  [main] INFO  com.spotify.baseutil.BaseTest - Folder creation for Extent
2023-01-17 08:55:02,305 396  [main] INFO  com.spotify.baseutil.BaseTest - ExtentDir:-C:\API Workspace\API_Framework/reports/Automation Report- 01_17_2023_08_55_02
2023-01-17 08:55:02,476 567  [main] INFO  com.spotify.baseutil.BaseTest - Report Initiated
2023-01-17 08:55:02,482 573  [main] INFO  com.spotify.baseutil.BaseTest - Screenshot folder created
2023-01-17 08:55:06,508 4599 [main] DEBUG i.r.i.RequestSpecificationImpl$RestAssuredHttpBuilder - Parsing response as: application/json
2023-01-17 08:55:06,517 4608 [main] DEBUG i.r.i.RequestSpecificationImpl$RestAssuredHttpBuilder - Parsed data to instance of: class org.apache.http.conn.EofSensorInputStream
2023-01-17 08:55:06,681 4772 [main] INFO  com.spotify.albums.TYSS_Albums_CUSA_005 - Able to provide Authorization and fetch the token
2023-01-17 08:55:07,365 5456 [main] INFO  com.spotify.albums.TYSS_Albums_CUSA_005 - Response body value is: BQAVWQX7ymmmIbkQahyuAOlVxYUO-Rp0xNnP4IluF-rTuzkJ36g0G0L5HoDQiHt8dMi36dZ6pR_ZsV_fUW9kKkuPbflUMcG_pSofBOesqTLbXDWbFT7q7k9EzPVv58klvmztZIbhMQXaPqAMlb6YwaZwm6LIXIjZUo0cqjJBIutt1JoovlZdseIUCdmY1M15noPwEpY8LFqmyIjTaBrYmu_6FKyiYhNp__R4PYm-tLEkqYq5pPKof6j9NqnapO1hJeGML9ZVHeC5FmegQyjMFJ-heizjnZyWEm0UWQtX2gi088MU5cT4F3CS1RuYTh1MXf5ea0W7gHOHErLbgF5B
2023-01-17 08:55:07,529 5620 [main] INFO  com.spotify.albums.TYSS_Albums_CUSA_005 - Able to write data into json file
2023-01-17 08:55:07,566 5657 [main] INFO  com.spotify.albums.TYSS_Albums_CUSA_005 - Able to read data from json file
2023-01-17 08:55:07,578 5669 [main] INFO  com.spotify.albums.TYSS_Albums_CUSA_005 - Able to add headers for authentication
2023-01-17 08:55:07,593 5684 [main] INFO  com.spotify.albums.TYSS_Albums_CUSA_005 - This request do not have Path parameters
2023-01-17 08:55:07,593 5684 [main] INFO  com.spotify.albums.TYSS_Albums_CUSA_005 - Path parameters added to the request
2023-01-17 08:55:07,598 5689 [main] INFO  com.spotify.albums.TYSS_Albums_CUSA_005 - Able to add query parameter
2023-01-17 08:55:08,077 6168 [main] DEBUG i.r.i.RequestSpecificationImpl$RestAssuredHttpBuilder - Parsing response as: application/json
2023-01-17 08:55:08,078 6169 [main] DEBUG i.r.i.RequestSpecificationImpl$RestAssuredHttpBuilder - Parsed data to instance of: class org.apache.http.conn.EofSensorInputStream
2023-01-17 08:55:08,094 6185 [main] INFO  com.spotify.albums.TYSS_Albums_CUSA_005 - Able to get request using parameters
2023-01-17 08:55:08,101 6192 [main] INFO  com.spotify.albums.TYSS_Albums_CUSA_005 - expected Content type is: application/json equal to actual Content type: application/json
2023-01-17 08:55:08,103 6194 [main] INFO  com.spotify.albums.TYSS_Albums_CUSA_005 - Actual Response Time: 410 is less than Expected Response Time: 2000
2023-01-17 08:55:08,104 6195 [main] INFO  com.spotify.albums.TYSS_Albums_CUSA_005 - Expected Status code is: 404 is matching with actual status code: 404
