2023-01-17 10:41:25,640 177  [main] INFO  com.spotify.baseutil.BaseTest - Folder creation for Extent
2023-01-17 10:41:25,644 181  [main] INFO  com.spotify.baseutil.BaseTest - ExtentDir:-C:\API Workspace\API_Framework/reports/Automation Report- 01_17_2023_10_41_25
2023-01-17 10:41:25,716 253  [main] INFO  com.spotify.baseutil.BaseTest - Report Initiated
2023-01-17 10:41:25,717 254  [main] INFO  com.spotify.baseutil.BaseTest - Screenshot folder created
2023-01-17 10:41:27,866 2403 [main] DEBUG i.r.i.RequestSpecificationImpl$RestAssuredHttpBuilder - Parsing response as: application/json
2023-01-17 10:41:27,874 2411 [main] DEBUG i.r.i.RequestSpecificationImpl$RestAssuredHttpBuilder - Parsed data to instance of: class org.apache.http.conn.EofSensorInputStream
2023-01-17 10:41:27,957 2494 [main] INFO  com.spotify.shows.TYSS_Shows_GSS_001 - Able to provide Authorization and fetch the token
2023-01-17 10:41:28,280 2817 [main] INFO  com.spotify.shows.TYSS_Shows_GSS_001 - Response body value is: BQDchK2h8aXB2awfBX-4O4HdLpOPDsY4yufFqrcQmz_ga6oypQFu5TSaURT_GI_reiKLHHt14pQNK4Oq43ec5D7N9jKpkg-beB8kAN8VlN-hEWgBlqvnprSwGrk2ApuTpOdxaFbzfVOUevlGTf01-hJuG-Pvj1EbBsr1M0kZBcLSDdqcg8G-6tKZePH-CHgMBiXQOhHCPUt6HPLalecvfofoJpRf7PiYhcbfYmcOJIICogNLwTgiZRlqIX-GYryxqt7ybDbAnWC02j-NmKMD7Sun_DzQCbafwwnJj_LF0Ms019V9bsbUAdG05d853H8jkWqaVHpwDOjQFQmzJgv3
2023-01-17 10:41:28,385 2922 [main] INFO  com.spotify.shows.TYSS_Shows_GSS_001 - Able to write data into json file
2023-01-17 10:41:28,405 2942 [main] INFO  com.spotify.shows.TYSS_Shows_GSS_001 - Able to read data from json file
2023-01-17 10:41:28,411 2948 [main] INFO  com.spotify.shows.TYSS_Shows_GSS_001 - Able to add headers for authentication
2023-01-17 10:41:28,414 2951 [main] INFO  com.spotify.shows.TYSS_Shows_GSS_001 - This request do not have Path parameters
2023-01-17 10:41:28,415 2952 [main] INFO  com.spotify.shows.TYSS_Shows_GSS_001 - Path parameters added to the request
2023-01-17 10:41:28,416 2953 [main] INFO  com.spotify.shows.TYSS_Shows_GSS_001 - Able to add query parameter
2023-01-17 10:41:28,820 3357 [main] DEBUG i.r.i.RequestSpecificationImpl$RestAssuredHttpBuilder - Parsing response as: application/json; charset=utf-8
2023-01-17 10:41:28,821 3358 [main] DEBUG i.r.i.RequestSpecificationImpl$RestAssuredHttpBuilder - Parsed data to instance of: class org.apache.http.conn.EofSensorInputStream
2023-01-17 10:41:28,835 3372 [main] INFO  com.spotify.shows.TYSS_Shows_GSS_001 - Able to get request using parameters
2023-01-17 10:41:28,837 3374 [main] INFO  com.spotify.shows.TYSS_Shows_GSS_001 - expected Content type is: application/json equal to actual Content type: application/json; charset=utf-8
2023-01-17 10:41:28,837 3374 [main] INFO  com.spotify.shows.TYSS_Shows_GSS_001 - Actual Response Time: 375 is less than Expected Response Time: 2000
2023-01-17 10:41:28,837 3374 [main] INFO  com.spotify.shows.TYSS_Shows_GSS_001 - Expected Status code is: 200 is matching with actual status code: 200
2023-01-17 10:41:29,225 3762 [main] INFO  com.spotify.shows.TYSS_Shows_GSS_001 - Schema validation is done
2023-01-17 10:41:29,225 3762 [main] ERROR com.spotify.shows.TYSS_Shows_GSS_001 - null
