2023-01-25 11:17:25,393 286  [main] INFO  com.spotify.baseutil.BaseTest - Folder creation for Extent
2023-01-25 11:17:25,400 293  [main] INFO  com.spotify.baseutil.BaseTest - ExtentDir:-D:\Api_FW\API_Framework/reports/Automation Report- 01_25_2023_11_17_25
2023-01-25 11:17:25,525 418  [main] INFO  com.spotify.baseutil.BaseTest - Report Initiated
2023-01-25 11:17:25,647 540  [main] INFO  com.spotify.baseutil.BaseTest - Screenshot folder created
2023-01-25 11:17:28,720 3613 [main] DEBUG i.r.i.RequestSpecificationImpl$RestAssuredHttpBuilder - Parsing response as: application/json
2023-01-25 11:17:28,722 3615 [main] DEBUG i.r.i.RequestSpecificationImpl$RestAssuredHttpBuilder - Parsed data to instance of: class org.apache.http.conn.EofSensorInputStream
2023-01-25 11:17:28,856 3749 [main] INFO  com.spotify.artists.TYSS_TC_Artists_GSA_005 - Able to provide Authorization and fetch the token
2023-01-25 11:17:29,459 4352 [main] INFO  com.spotify.artists.TYSS_TC_Artists_GSA_005 - Response body value is: BQAi0jtKGrFyNNoLBKTUKsQBT8wt_gyq9B0CPeK99BUPVWUdpvFAqB9Kt7MGrTKuglxYTV7vB2NjLDd3TBZqjAB0SMOm3zTszpXWGrf45Yq3765Npn6v6DA3bYC18kFyb5X1ZGBwXWLMRNoiTW4xp2rlVzcrznAMd09DxaqGdSfBufCu0qjgnpvhNGRVSFh420yaGSCbCOVE8kCUc0kChAUGni-O8mR27CRhl1_4AIBI3WsfmNlR-3p6RQdv_YbT5RHYfconu2v-768BeGlhgAj0NJYGk88FEQtGqajGbw6jLGSxIfIWyaSi8DIG0CB0PSA9wPLDz32yiNQQIDwbWA
2023-01-25 11:17:29,669 4562 [main] INFO  com.spotify.artists.TYSS_TC_Artists_GSA_005 - Able to write data into json file
2023-01-25 11:17:29,705 4598 [main] INFO  com.spotify.artists.TYSS_TC_Artists_GSA_005 - Able to read data from json file
2023-01-25 11:17:29,712 4605 [main] INFO  com.spotify.artists.TYSS_TC_Artists_GSA_005 - Able to add headers for authentication
2023-01-25 11:17:29,720 4613 [main] INFO  com.spotify.artists.TYSS_TC_Artists_GSA_005 - This request do not have Path parameters
2023-01-25 11:17:29,721 4614 [main] INFO  com.spotify.artists.TYSS_TC_Artists_GSA_005 - Path parameters added to the request
2023-01-25 11:17:29,725 4618 [main] INFO  com.spotify.artists.TYSS_TC_Artists_GSA_005 - Able to add query parameter
2023-01-25 11:17:30,048 4941 [main] DEBUG i.r.i.RequestSpecificationImpl$RestAssuredHttpBuilder - Parsing response as: application/json; charset=utf-8
2023-01-25 11:17:30,050 4943 [main] DEBUG i.r.i.RequestSpecificationImpl$RestAssuredHttpBuilder - Parsed data to instance of: class org.apache.http.conn.EofSensorInputStream
2023-01-25 11:17:30,069 4962 [main] INFO  com.spotify.artists.TYSS_TC_Artists_GSA_005 - Able to get request using parameters
2023-01-25 11:17:30,072 4965 [main] INFO  com.spotify.artists.TYSS_TC_Artists_GSA_005 - expected Content type is: application/json equal to actual Content type: application/json; charset=utf-8
2023-01-25 11:17:30,073 4966 [main] INFO  com.spotify.artists.TYSS_TC_Artists_GSA_005 - Expected Status code is: 200 is matching with actual status code: 200
2023-01-25 11:17:30,074 4967 [main] INFO  com.spotify.artists.TYSS_TC_Artists_GSA_005 - Actual Response Time: 265 is less than Expected Response Time: 2000
2023-01-25 11:17:30,137 5030 [main] INFO  com.spotify.artists.TYSS_TC_Artists_GSA_005 - Response body contains artists[0].followers.total: 68216589
2023-01-25 11:17:30,161 5054 [main] INFO  com.spotify.artists.TYSS_TC_Artists_GSA_005 - Response body contains artists[1].followers.total: 12635060
