2023-01-25 11:05:23,669 195  [main] INFO  com.spotify.baseutil.BaseTest - Folder creation for Extent
2023-01-25 11:05:23,675 201  [main] INFO  com.spotify.baseutil.BaseTest - ExtentDir:-C:\API Workspace\API_Framework/reports/Automation Report- 01_25_2023_11_05_23
2023-01-25 11:05:23,752 278  [main] INFO  com.spotify.baseutil.BaseTest - Report Initiated
2023-01-25 11:05:23,753 279  [main] INFO  com.spotify.baseutil.BaseTest - Screenshot folder created
2023-01-25 11:05:25,864 2390 [main] DEBUG i.r.i.RequestSpecificationImpl$RestAssuredHttpBuilder - Parsing response as: application/json
2023-01-25 11:05:25,866 2392 [main] DEBUG i.r.i.RequestSpecificationImpl$RestAssuredHttpBuilder - Parsed data to instance of: class org.apache.http.conn.EofSensorInputStream
2023-01-25 11:05:25,938 2464 [main] INFO  com.spotify.shows.TYSS_Shows_CUSS_001 - Able to provide Authorization and fetch the token
2023-01-25 11:05:26,286 2812 [main] INFO  com.spotify.shows.TYSS_Shows_CUSS_001 - Response body value is: BQA-SxjmUl5QmQaV9uc05NCNyfgodTIAgRstoZQMX7rZSFvWMM-7a2ktO4apyvj_SnyRcDAOYsi4hmwmyZpa5fQqy2dOEHHpOdchDXL5rjublkjYnJ3A3MN6sQocGyDpUiG8oPA-n2G9wR_fJKF2xGacAPm-p8XT-1tS_Dxj7DkvEEdIM4yiJBIyNfPd6w2zloUHUqwnY46qflIf9uiZSopNE64AmadU3yrrQFdG6jnnlvMUs8sTJg6Rxy45LtqI46Q5Yllmi81KZBECCfSNJA_AwgV0cgrYLSrk4dpdHDpFO8UxVeyMEjNFTHeqb0X0oM0mlHWCfXT6-7uAcjMLzw
2023-01-25 11:05:26,400 2926 [main] INFO  com.spotify.shows.TYSS_Shows_CUSS_001 - Able to write data into json file
2023-01-25 11:05:26,419 2945 [main] INFO  com.spotify.shows.TYSS_Shows_CUSS_001 - Able to read data from json file
2023-01-25 11:05:26,424 2950 [main] INFO  com.spotify.shows.TYSS_Shows_CUSS_001 - Able to add headers for authentication
2023-01-25 11:05:26,428 2954 [main] INFO  com.spotify.shows.TYSS_Shows_CUSS_001 - This request do not have Path parameters
2023-01-25 11:05:26,428 2954 [main] INFO  com.spotify.shows.TYSS_Shows_CUSS_001 - Path parameters added to the request
2023-01-25 11:05:26,430 2956 [main] INFO  com.spotify.shows.TYSS_Shows_CUSS_001 - Able to add query parameter
2023-01-25 11:05:27,126 3652 [main] DEBUG i.r.i.RequestSpecificationImpl$RestAssuredHttpBuilder - Parsing response as: application/json; charset=utf-8
2023-01-25 11:05:27,127 3653 [main] DEBUG i.r.i.RequestSpecificationImpl$RestAssuredHttpBuilder - Parsed data to instance of: class org.apache.http.conn.EofSensorInputStream
2023-01-25 11:05:27,131 3657 [main] INFO  com.spotify.shows.TYSS_Shows_CUSS_001 - Able to get request using parameters
2023-01-25 11:05:27,132 3658 [main] INFO  com.spotify.shows.TYSS_Shows_CUSS_001 - expected Content type is: application/json equal to actual Content type: application/json; charset=utf-8
2023-01-25 11:05:27,133 3659 [main] INFO  com.spotify.shows.TYSS_Shows_CUSS_001 - Actual Response Time: 674 is less than Expected Response Time: 2000
2023-01-25 11:05:27,133 3659 [main] INFO  com.spotify.shows.TYSS_Shows_CUSS_001 - Expected Status code is: 200 is matching with actual status code: 200
2023-01-25 11:05:27,408 3934 [main] INFO  com.spotify.shows.TYSS_Shows_CUSS_001 - Schema validation is done
2023-01-25 11:05:27,408 3934 [main] INFO  com.spotify.shows.TYSS_Shows_CUSS_001 - Expected body value: false is present in the Actual body Value
